Using pre-set license
Built from '2020.3/staging' branch; Version is '2020.3.18f1 (a7d1c678663c) revision 10998214'; Using compiler version '192528614'; Build Type 'Release'
OS: 'Windows 10 Home; OS build 19042.1348; Version 2009; 64bit' Language: 'en' Physical Memory: 16314 MB
BatchMode: 1, IsHumanControllingUs: 0, StartBugReporterOnCrash: 0, Is64bit: 1, IsPro: 0

COMMAND LINE ARGUMENTS:
D:\Unity Versions\2020.3.18f1\Editor\Unity.exe
-adb2
-batchMode
-noUpm
-name
AssetImportWorker1
-projectPath
C:/Users/Enzod/Desktop/Cosmic/Cosmic-SHEEP/Cosmic SHEEP/Cosmic SHEEP
-logFile
Logs/AssetImportWorker1.log
-srvPort
64896
Successfully changed project path to: C:/Users/Enzod/Desktop/Cosmic/Cosmic-SHEEP/Cosmic SHEEP/Cosmic SHEEP
C:/Users/Enzod/Desktop/Cosmic/Cosmic-SHEEP/Cosmic SHEEP/Cosmic SHEEP
Using Asset Import Pipeline V2.
Refreshing native plugins compatible for Editor in 43.81 ms, found 2 plugins.
Preloading 0 native plugins for Editor in 0.00 ms.
Initialize engine version: 2020.3.18f1 (a7d1c678663c)
[Subsystems] Discovering subsystems at path D:/Unity Versions/2020.3.18f1/Editor/Data/Resources/UnitySubsystems
[Subsystems] Discovering subsystems at path C:/Users/Enzod/Desktop/Cosmic/Cosmic-SHEEP/Cosmic SHEEP/Cosmic SHEEP/Assets
GfxDevice: creating device client; threaded=0
Direct3D:
    Version:  Direct3D 11.0 [level 11.1]
    Renderer: NVIDIA GeForce GTX 1660 Ti (ID=0x2182)
    Vendor:   
    VRAM:     5991 MB
    Driver:   30.0.14.7212
Initialize mono
Mono path[0] = 'D:/Unity Versions/2020.3.18f1/Editor/Data/Managed'
Mono path[1] = 'D:/Unity Versions/2020.3.18f1/Editor/Data/MonoBleedingEdge/lib/mono/unityjit'
Mono config path = 'D:/Unity Versions/2020.3.18f1/Editor/Data/MonoBleedingEdge/etc'
Using monoOptions --debugger-agent=transport=dt_socket,embedding=1,server=y,suspend=n,address=127.0.0.1:56944
Begin MonoManager ReloadAssembly
Registering precompiled unity dll's ...
Register platform support module: D:/Unity Versions/2020.3.18f1/Editor/Data/PlaybackEngines/WebGLSupport/UnityEditor.WebGL.Extensions.dll
Register platform support module: D:/Unity Versions/2020.3.18f1/Editor/Data/PlaybackEngines/WindowsStandaloneSupport/UnityEditor.WindowsStandalone.Extensions.dll
Registered in 0.002060 seconds.
Native extension for WindowsStandalone target not found
Native extension for WebGL target not found
Refreshing native plugins compatible for Editor in 42.86 ms, found 2 plugins.
Preloading 0 native plugins for Editor in 0.00 ms.
Mono: successfully reloaded assembly
- Completed reload, in  2.152 seconds
Domain Reload Profiling:
	ReloadAssembly (2152ms)
		BeginReloadAssembly (79ms)
			ExecutionOrderSort (0ms)
			DisableScriptedObjects (0ms)
			BackupInstance (0ms)
			ReleaseScriptingObjects (0ms)
			CreateAndSetChildDomain (1ms)
		EndReloadAssembly (489ms)
			LoadAssemblies (79ms)
			RebuildTransferFunctionScriptingTraits (0ms)
			SetupTypeCache (177ms)
			ReleaseScriptCaches (0ms)
			RebuildScriptCaches (33ms)
			SetupLoadedEditorAssemblies (200ms)
				LogAssemblyErrors (0ms)
				InitializePlatformSupportModulesInManaged (5ms)
				SetLoadedEditorAssemblies (0ms)
				RefreshPlugins (43ms)
				BeforeProcessingInitializeOnLoad (22ms)
				ProcessInitializeOnLoadAttributes (90ms)
				ProcessInitializeOnLoadMethodAttributes (40ms)
				AfterProcessingInitializeOnLoad (0ms)
				EditorAssembliesLoaded (0ms)
			ExecutionOrderSort2 (0ms)
			AwakeInstancesAfterBackupRestoration (0ms)
Platform modules already initialized, skipping
Registering precompiled user dll's ...
Registered in 0.004861 seconds.
Begin MonoManager ReloadAssembly
Symbol file data-0000023E90D87010 doesn't match image C:\Users\Enzod\Desktop\Cosmic\Cosmic-SHEEP\Cosmic SHEEP\Cosmic SHEEP\Library\ScriptAssemblies\Cinemachine.dll
Symbol file LoadedFromMemory is not a mono symbol file
Symbol file data-0000023E6C4E6030 doesn't match image C:\Users\Enzod\Desktop\Cosmic\Cosmic-SHEEP\Cosmic SHEEP\Cosmic SHEEP\Library\ScriptAssemblies\Unity.VSCode.Editor.dll
Symbol file LoadedFromMemory is not a mono symbol file
Symbol file data-0000023E90D91A20 doesn't match image C:\Users\Enzod\Desktop\Cosmic\Cosmic-SHEEP\Cosmic SHEEP\Cosmic SHEEP\Library\ScriptAssemblies\com.unity.cinemachine.editor.dll
Symbol file LoadedFromMemory is not a mono symbol file
Symbol file data-0000023E90D91A20 doesn't match image C:\Users\Enzod\Desktop\Cosmic\Cosmic-SHEEP\Cosmic SHEEP\Cosmic SHEEP\Library\ScriptAssemblies\Unity.TextMeshPro.Editor.dll
Symbol file LoadedFromMemory is not a mono symbol file
Symbol file data-0000023E6C772710 doesn't match image C:\Users\Enzod\Desktop\Cosmic\Cosmic-SHEEP\Cosmic SHEEP\Cosmic SHEEP\Library\ScriptAssemblies\Unity.VisualStudio.Editor.dll
Symbol file LoadedFromMemory is not a mono symbol file
Symbol file data-0000023E90A8B020 doesn't match image C:\Users\Enzod\Desktop\Cosmic\Cosmic-SHEEP\Cosmic SHEEP\Cosmic SHEEP\Library\ScriptAssemblies\UnityEngine.TestRunner.dll
Symbol file LoadedFromMemory is not a mono symbol file
Symbol file data-0000023E91C20080 doesn't match image C:\Users\Enzod\Desktop\Cosmic\Cosmic-SHEEP\Cosmic SHEEP\Cosmic SHEEP\Library\ScriptAssemblies\Unity.Timeline.Editor.dll
Symbol file LoadedFromMemory is not a mono symbol file
Symbol file data-0000023E6CCF1820 doesn't match image C:\Users\Enzod\Desktop\Cosmic\Cosmic-SHEEP\Cosmic SHEEP\Cosmic SHEEP\Library\ScriptAssemblies\Unity.Timeline.dll
Symbol file LoadedFromMemory is not a mono symbol file
Symbol file data-0000023E91C20080 doesn't match image C:\Users\Enzod\Desktop\Cosmic\Cosmic-SHEEP\Cosmic SHEEP\Cosmic SHEEP\Library\ScriptAssemblies\Unity.TextMeshPro.dll
Symbol file LoadedFromMemory is not a mono symbol file
Symbol file data-0000023E90A8B020 doesn't match image C:\Users\Enzod\Desktop\Cosmic\Cosmic-SHEEP\Cosmic SHEEP\Cosmic SHEEP\Library\ScriptAssemblies\Unity.CollabProxy.Editor.dll
Symbol file LoadedFromMemory is not a mono symbol file
Symbol file data-0000023E908B0550 doesn't match image C:\Users\Enzod\Desktop\Cosmic\Cosmic-SHEEP\Cosmic SHEEP\Cosmic SHEEP\Library\ScriptAssemblies\UnityEditor.TestRunner.dll
Symbol file LoadedFromMemory is not a mono symbol file
Symbol file data-0000023E6C772710 doesn't match image C:\Users\Enzod\Desktop\Cosmic\Cosmic-SHEEP\Cosmic SHEEP\Cosmic SHEEP\Library\ScriptAssemblies\UnityEditor.UI.dll
Symbol file LoadedFromMemory is not a mono symbol file
Symbol file data-0000023E91457020 doesn't match image C:\Users\Enzod\Desktop\Cosmic\Cosmic-SHEEP\Cosmic SHEEP\Cosmic SHEEP\Library\ScriptAssemblies\Unity.PlasticSCM.Editor.dll
Symbol file LoadedFromMemory is not a mono symbol file
Symbol file data-0000023E90D3BC30 doesn't match image C:\Users\Enzod\Desktop\Cosmic\Cosmic-SHEEP\Cosmic SHEEP\Cosmic SHEEP\Library\ScriptAssemblies\Unity.Rider.Editor.dll
Symbol file LoadedFromMemory is not a mono symbol file
Symbol file data-0000023E6CD38420 doesn't match image C:\Users\Enzod\Desktop\Cosmic\Cosmic-SHEEP\Cosmic SHEEP\Cosmic SHEEP\Library\ScriptAssemblies\UnityEngine.UI.dll
Symbol file LoadedFromMemory is not a mono symbol file
Native extension for WindowsStandalone target not found
Native extension for WebGL target not found
Refreshing native plugins compatible for Editor in 0.61 ms, found 2 plugins.
Preloading 0 native plugins for Editor in 0.00 ms.
Mono: successfully reloaded assembly
- Completed reload, in  1.313 seconds
Domain Reload Profiling:
	ReloadAssembly (1314ms)
		BeginReloadAssembly (205ms)
			ExecutionOrderSort (0ms)
			DisableScriptedObjects (6ms)
			BackupInstance (0ms)
			ReleaseScriptingObjects (0ms)
			CreateAndSetChildDomain (24ms)
		EndReloadAssembly (1040ms)
			LoadAssemblies (138ms)
			RebuildTransferFunctionScriptingTraits (0ms)
			SetupTypeCache (347ms)
			ReleaseScriptCaches (1ms)
			RebuildScriptCaches (59ms)
			SetupLoadedEditorAssemblies (405ms)
				LogAssemblyErrors (0ms)
				InitializePlatformSupportModulesInManaged (7ms)
				SetLoadedEditorAssemblies (1ms)
				RefreshPlugins (1ms)
				BeforeProcessingInitializeOnLoad (106ms)
				ProcessInitializeOnLoadAttributes (279ms)
				ProcessInitializeOnLoadMethodAttributes (6ms)
				AfterProcessingInitializeOnLoad (5ms)
				EditorAssembliesLoaded (0ms)
			ExecutionOrderSort2 (0ms)
			AwakeInstancesAfterBackupRestoration (9ms)
Platform modules already initialized, skipping
========================================================================
Worker process is ready to serve import requests
Launched and connected shader compiler UnityShaderCompiler.exe after 0.25 seconds
Refreshing native plugins compatible for Editor in 0.52 ms, found 2 plugins.
Preloading 0 native plugins for Editor in 0.00 ms.
Unloading 1569 Unused Serialized files (Serialized files now loaded: 0)
System memory in use before: 159.6 MB.
System memory in use after: 159.7 MB.

Unloading 17 unused Assets to reduce memory usage. Loaded Objects now: 2031.
Total: 3.554100 ms (FindLiveObjects: 0.227700 ms CreateObjectMapping: 0.048000 ms MarkObjects: 3.157500 ms  DeleteObjects: 0.119200 ms)

AssetImportParameters requested are different than current active one (requested -> active):
  custom:framework-win-MediaFoundation: 216162199b28c13a410421893ffa2e32 -> 
  custom:video-decoder-ogg-theora: a1e56fd34408186e4bbccfd4996cb3dc -> 
  custom:container-muxer-webm: aa71ff27fc2769a1b78a27578f13a17b -> 
  custom:container-demuxer-webm: 4f35f7cbe854078d1ac9338744f61a02 -> 
  custom:container-demuxer-ogg: 62fdf1f143b41e24485cea50d1cbac27 -> 
  custom:video-encoder-webm-vp8: eb34c28f22e8b96e1ab97ce403110664 -> 
  custom:video-decoder-webm-vp8: 9c59270c3fd7afecdb556c50c9e8de78 -> 
  custom:audio-decoder-ogg-vorbis: bf7c407c2cedff20999df2af8eb42d56 -> 
  custom:audio-encoder-webm-vorbis: bf7c407c2cedff20999df2af8eb42d56 -> 
========================================================================
Received Import Request.
  path: Assets/Scripts/Set Active.cs
  artifactKey: Guid(f041b3ac428bdee4c822638ba3bd896e) Importer(815301076,1909f56bfc062723c751e8b465ee728b)
Start importing Assets/Scripts/Set Active.cs using Guid(f041b3ac428bdee4c822638ba3bd896e) Importer(815301076,1909f56bfc062723c751e8b465ee728b)  -> (artifact id: 'ae4b3e69693a7c55110e4b7264848d3e') in 0.038589 seconds 
  Import took 0.041409 seconds .

========================================================================
Received Prepare
Registering precompiled user dll's ...
Registered in 0.004804 seconds.
Begin MonoManager ReloadAssembly
Symbol file data-0000023E9089AF40 doesn't match image C:\Users\Enzod\Desktop\Cosmic\Cosmic-SHEEP\Cosmic SHEEP\Cosmic SHEEP\Library\ScriptAssemblies\Cinemachine.dll
Symbol file LoadedFromMemory is not a mono symbol file
Symbol file data-0000023E6C4E6030 doesn't match image C:\Users\Enzod\Desktop\Cosmic\Cosmic-SHEEP\Cosmic SHEEP\Cosmic SHEEP\Library\ScriptAssemblies\Unity.VSCode.Editor.dll
Symbol file LoadedFromMemory is not a mono symbol file
Symbol file data-0000023E95B1EAF0 doesn't match image C:\Users\Enzod\Desktop\Cosmic\Cosmic-SHEEP\Cosmic SHEEP\Cosmic SHEEP\Library\ScriptAssemblies\com.unity.cinemachine.editor.dll
Symbol file LoadedFromMemory is not a mono symbol file
Symbol file data-0000023E95B1EAF0 doesn't match image C:\Users\Enzod\Desktop\Cosmic\Cosmic-SHEEP\Cosmic SHEEP\Cosmic SHEEP\Library\ScriptAssemblies\Unity.TextMeshPro.Editor.dll
Symbol file LoadedFromMemory is not a mono symbol file
Symbol file data-0000023E6C772710 doesn't match image C:\Users\Enzod\Desktop\Cosmic\Cosmic-SHEEP\Cosmic SHEEP\Cosmic SHEEP\Library\ScriptAssemblies\Unity.VisualStudio.Editor.dll
Symbol file LoadedFromMemory is not a mono symbol file
Symbol file data-0000023E95B1EAF0 doesn't match image C:\Users\Enzod\Desktop\Cosmic\Cosmic-SHEEP\Cosmic SHEEP\Cosmic SHEEP\Library\ScriptAssemblies\UnityEngine.TestRunner.dll
Symbol file LoadedFromMemory is not a mono symbol file
Symbol file data-0000023E6C7E9510 doesn't match image C:\Users\Enzod\Desktop\Cosmic\Cosmic-SHEEP\Cosmic SHEEP\Cosmic SHEEP\Library\ScriptAssemblies\Unity.Timeline.Editor.dll
Symbol file LoadedFromMemory is not a mono symbol file
Symbol file data-0000023E95B1EAF0 doesn't match image C:\Users\Enzod\Desktop\Cosmic\Cosmic-SHEEP\Cosmic SHEEP\Cosmic SHEEP\Library\ScriptAssemblies\Unity.Timeline.dll
Symbol file LoadedFromMemory is not a mono symbol file
Symbol file data-0000023E94FA5FA0 doesn't match image C:\Users\Enzod\Desktop\Cosmic\Cosmic-SHEEP\Cosmic SHEEP\Cosmic SHEEP\Library\ScriptAssemblies\Unity.TextMeshPro.dll
Symbol file LoadedFromMemory is not a mono symbol file
Symbol file data-0000023E95B1EAF0 doesn't match image C:\Users\Enzod\Desktop\Cosmic\Cosmic-SHEEP\Cosmic SHEEP\Cosmic SHEEP\Library\ScriptAssemblies\Unity.CollabProxy.Editor.dll
Symbol file LoadedFromMemory is not a mono symbol file
Symbol file data-0000023E926E9030 doesn't match image C:\Users\Enzod\Desktop\Cosmic\Cosmic-SHEEP\Cosmic SHEEP\Cosmic SHEEP\Library\ScriptAssemblies\UnityEditor.TestRunner.dll
Symbol file LoadedFromMemory is not a mono symbol file
Symbol file data-0000023E6C772710 doesn't match image C:\Users\Enzod\Desktop\Cosmic\Cosmic-SHEEP\Cosmic SHEEP\Cosmic SHEEP\Library\ScriptAssemblies\UnityEditor.UI.dll
Symbol file LoadedFromMemory is not a mono symbol file
Symbol file data-0000023E91457020 doesn't match image C:\Users\Enzod\Desktop\Cosmic\Cosmic-SHEEP\Cosmic SHEEP\Cosmic SHEEP\Library\ScriptAssemblies\Unity.PlasticSCM.Editor.dll
Symbol file LoadedFromMemory is not a mono symbol file
Symbol file data-0000023E90B9E010 doesn't match image C:\Users\Enzod\Desktop\Cosmic\Cosmic-SHEEP\Cosmic SHEEP\Cosmic SHEEP\Library\ScriptAssemblies\Unity.Rider.Editor.dll
Symbol file LoadedFromMemory is not a mono symbol file
Symbol file data-0000023E9106B510 doesn't match image C:\Users\Enzod\Desktop\Cosmic\Cosmic-SHEEP\Cosmic SHEEP\Cosmic SHEEP\Library\ScriptAssemblies\UnityEngine.UI.dll
Symbol file LoadedFromMemory is not a mono symbol file
Native extension for WindowsStandalone target not found
Native extension for WebGL target not found
Refreshing native plugins compatible for Editor in 0.43 ms, found 2 plugins.
Preloading 0 native plugins for Editor in 0.00 ms.
Mono: successfully reloaded assembly
- Completed reload, in  1.217 seconds
Domain Reload Profiling:
	ReloadAssembly (1218ms)
		BeginReloadAssembly (160ms)
			ExecutionOrderSort (0ms)
			DisableScriptedObjects (8ms)
			BackupInstance (0ms)
			ReleaseScriptingObjects (0ms)
			CreateAndSetChildDomain (39ms)
		EndReloadAssembly (970ms)
			LoadAssemblies (135ms)
			RebuildTransferFunctionScriptingTraits (0ms)
			SetupTypeCache (349ms)
			ReleaseScriptCaches (1ms)
			RebuildScriptCaches (54ms)
			SetupLoadedEditorAssemblies (335ms)
				LogAssemblyErrors (0ms)
				InitializePlatformSupportModulesInManaged (7ms)
				SetLoadedEditorAssemblies (1ms)
				RefreshPlugins (1ms)
				BeforeProcessingInitializeOnLoad (86ms)
				ProcessInitializeOnLoadAttributes (234ms)
				ProcessInitializeOnLoadMethodAttributes (4ms)
				AfterProcessingInitializeOnLoad (3ms)
				EditorAssembliesLoaded (0ms)
			ExecutionOrderSort2 (0ms)
			AwakeInstancesAfterBackupRestoration (8ms)
Platform modules already initialized, skipping
Refreshing native plugins compatible for Editor in 0.41 ms, found 2 plugins.
Preloading 0 native plugins for Editor in 0.00 ms.
Unloading 1557 Unused Serialized files (Serialized files now loaded: 0)
System memory in use before: 158.9 MB.
System memory in use after: 159.0 MB.

Unloading 12 unused Assets to reduce memory usage. Loaded Objects now: 2033.
Total: 2.892800 ms (FindLiveObjects: 0.167400 ms CreateObjectMapping: 0.038600 ms MarkObjects: 2.663600 ms  DeleteObjects: 0.022100 ms)

AssetImportParameters requested are different than current active one (requested -> active):
  custom:framework-win-MediaFoundation: 216162199b28c13a410421893ffa2e32 -> 
  custom:video-decoder-ogg-theora: a1e56fd34408186e4bbccfd4996cb3dc -> 
  custom:container-muxer-webm: aa71ff27fc2769a1b78a27578f13a17b -> 
  custom:container-demuxer-webm: 4f35f7cbe854078d1ac9338744f61a02 -> 
  custom:container-demuxer-ogg: 62fdf1f143b41e24485cea50d1cbac27 -> 
  custom:video-encoder-webm-vp8: eb34c28f22e8b96e1ab97ce403110664 -> 
  custom:video-decoder-webm-vp8: 9c59270c3fd7afecdb556c50c9e8de78 -> 
  custom:audio-decoder-ogg-vorbis: bf7c407c2cedff20999df2af8eb42d56 -> 
  custom:audio-encoder-webm-vorbis: bf7c407c2cedff20999df2af8eb42d56 -> 
========================================================================
Received Prepare
Registering precompiled user dll's ...
Registered in 0.004730 seconds.
Begin MonoManager ReloadAssembly
Symbol file data-0000023E6CA24010 doesn't match image C:\Users\Enzod\Desktop\Cosmic\Cosmic-SHEEP\Cosmic SHEEP\Cosmic SHEEP\Library\ScriptAssemblies\Cinemachine.dll
Symbol file LoadedFromMemory is not a mono symbol file
Symbol file data-0000023E6C4BC010 doesn't match image C:\Users\Enzod\Desktop\Cosmic\Cosmic-SHEEP\Cosmic SHEEP\Cosmic SHEEP\Library\ScriptAssemblies\Unity.VSCode.Editor.dll
Symbol file LoadedFromMemory is not a mono symbol file
Symbol file data-0000023E94EF6040 doesn't match image C:\Users\Enzod\Desktop\Cosmic\Cosmic-SHEEP\Cosmic SHEEP\Cosmic SHEEP\Library\ScriptAssemblies\com.unity.cinemachine.editor.dll
Symbol file LoadedFromMemory is not a mono symbol file
Symbol file data-0000023E94EF6040 doesn't match image C:\Users\Enzod\Desktop\Cosmic\Cosmic-SHEEP\Cosmic SHEEP\Cosmic SHEEP\Library\ScriptAssemblies\Unity.TextMeshPro.Editor.dll
Symbol file LoadedFromMemory is not a mono symbol file
Symbol file data-0000023E6C772710 doesn't match image C:\Users\Enzod\Desktop\Cosmic\Cosmic-SHEEP\Cosmic SHEEP\Cosmic SHEEP\Library\ScriptAssemblies\Unity.VisualStudio.Editor.dll
Symbol file LoadedFromMemory is not a mono symbol file
Symbol file data-0000023ED9783040 doesn't match image C:\Users\Enzod\Desktop\Cosmic\Cosmic-SHEEP\Cosmic SHEEP\Cosmic SHEEP\Library\ScriptAssemblies\UnityEngine.TestRunner.dll
Symbol file LoadedFromMemory is not a mono symbol file
Symbol file data-0000023EB7B10080 doesn't match image C:\Users\Enzod\Desktop\Cosmic\Cosmic-SHEEP\Cosmic SHEEP\Cosmic SHEEP\Library\ScriptAssemblies\Unity.Timeline.Editor.dll
Symbol file LoadedFromMemory is not a mono symbol file
Symbol file data-0000023E94EF6040 doesn't match image C:\Users\Enzod\Desktop\Cosmic\Cosmic-SHEEP\Cosmic SHEEP\Cosmic SHEEP\Library\ScriptAssemblies\Unity.Timeline.dll
Symbol file LoadedFromMemory is not a mono symbol file
Symbol file data-0000023E90A5C010 doesn't match image C:\Users\Enzod\Desktop\Cosmic\Cosmic-SHEEP\Cosmic SHEEP\Cosmic SHEEP\Library\ScriptAssemblies\Unity.TextMeshPro.dll
Symbol file LoadedFromMemory is not a mono symbol file
Symbol file data-0000023ED9783040 doesn't match image C:\Users\Enzod\Desktop\Cosmic\Cosmic-SHEEP\Cosmic SHEEP\Cosmic SHEEP\Library\ScriptAssemblies\Unity.CollabProxy.Editor.dll
Symbol file LoadedFromMemory is not a mono symbol file
Symbol file data-0000023E909BB010 doesn't match image C:\Users\Enzod\Desktop\Cosmic\Cosmic-SHEEP\Cosmic SHEEP\Cosmic SHEEP\Library\ScriptAssemblies\UnityEditor.TestRunner.dll
Symbol file LoadedFromMemory is not a mono symbol file
Symbol file data-0000023E6C772710 doesn't match image C:\Users\Enzod\Desktop\Cosmic\Cosmic-SHEEP\Cosmic SHEEP\Cosmic SHEEP\Library\ScriptAssemblies\UnityEditor.UI.dll
Symbol file LoadedFromMemory is not a mono symbol file
Symbol file data-0000023E95028080 doesn't match image C:\Users\Enzod\Desktop\Cosmic\Cosmic-SHEEP\Cosmic SHEEP\Cosmic SHEEP\Library\ScriptAssemblies\Unity.PlasticSCM.Editor.dll
Symbol file LoadedFromMemory is not a mono symbol file
Symbol file data-0000023E948AD040 doesn't match image C:\Users\Enzod\Desktop\Cosmic\Cosmic-SHEEP\Cosmic SHEEP\Cosmic SHEEP\Library\ScriptAssemblies\Unity.Rider.Editor.dll
Symbol file LoadedFromMemory is not a mono symbol file
Symbol file data-0000023E6C80B010 doesn't match image C:\Users\Enzod\Desktop\Cosmic\Cosmic-SHEEP\Cosmic SHEEP\Cosmic SHEEP\Library\ScriptAssemblies\UnityEngine.UI.dll
Symbol file LoadedFromMemory is not a mono symbol file
Native extension for WindowsStandalone target not found
Native extension for WebGL target not found
Refreshing native plugins compatible for Editor in 0.40 ms, found 2 plugins.
Preloading 0 native plugins for Editor in 0.00 ms.
Mono: successfully reloaded assembly
- Completed reload, in  1.117 seconds
Domain Reload Profiling:
	ReloadAssembly (1118ms)
		BeginReloadAssembly (156ms)
			ExecutionOrderSort (0ms)
			DisableScriptedObjects (5ms)
			BackupInstance (0ms)
			ReleaseScriptingObjects (0ms)
			CreateAndSetChildDomain (35ms)
		EndReloadAssembly (890ms)
			LoadAssemblies (128ms)
			RebuildTransferFunctionScriptingTraits (0ms)
			SetupTypeCache (325ms)
			ReleaseScriptCaches (1ms)
			RebuildScriptCaches (44ms)
			SetupLoadedEditorAssemblies (318ms)
				LogAssemblyErrors (0ms)
				InitializePlatformSupportModulesInManaged (6ms)
				SetLoadedEditorAssemblies (0ms)
				RefreshPlugins (0ms)
				BeforeProcessingInitializeOnLoad (81ms)
				ProcessInitializeOnLoadAttributes (222ms)
				ProcessInitializeOnLoadMethodAttributes (4ms)
				AfterProcessingInitializeOnLoad (3ms)
				EditorAssembliesLoaded (0ms)
			ExecutionOrderSort2 (0ms)
			AwakeInstancesAfterBackupRestoration (7ms)
Platform modules already initialized, skipping
Refreshing native plugins compatible for Editor in 0.39 ms, found 2 plugins.
Preloading 0 native plugins for Editor in 0.00 ms.
Unloading 1557 Unused Serialized files (Serialized files now loaded: 0)
System memory in use before: 158.9 MB.
System memory in use after: 159.0 MB.

Unloading 12 unused Assets to reduce memory usage. Loaded Objects now: 2035.
Total: 3.154300 ms (FindLiveObjects: 0.156000 ms CreateObjectMapping: 0.039200 ms MarkObjects: 2.940200 ms  DeleteObjects: 0.017800 ms)

AssetImportParameters requested are different than current active one (requested -> active):
  custom:framework-win-MediaFoundation: 216162199b28c13a410421893ffa2e32 -> 
  custom:video-decoder-ogg-theora: a1e56fd34408186e4bbccfd4996cb3dc -> 
  custom:container-muxer-webm: aa71ff27fc2769a1b78a27578f13a17b -> 
  custom:container-demuxer-webm: 4f35f7cbe854078d1ac9338744f61a02 -> 
  custom:container-demuxer-ogg: 62fdf1f143b41e24485cea50d1cbac27 -> 
  custom:video-encoder-webm-vp8: eb34c28f22e8b96e1ab97ce403110664 -> 
  custom:video-decoder-webm-vp8: 9c59270c3fd7afecdb556c50c9e8de78 -> 
  custom:audio-decoder-ogg-vorbis: bf7c407c2cedff20999df2af8eb42d56 -> 
  custom:audio-encoder-webm-vorbis: bf7c407c2cedff20999df2af8eb42d56 -> 
========================================================================
Received Import Request.
  Time since last request: 31.626794 seconds.
  path: Assets/Scripts/Set Active.cs
  artifactKey: Guid(f041b3ac428bdee4c822638ba3bd896e) Importer(815301076,1909f56bfc062723c751e8b465ee728b)
Start importing Assets/Scripts/Set Active.cs using Guid(f041b3ac428bdee4c822638ba3bd896e) Importer(815301076,1909f56bfc062723c751e8b465ee728b)  -> (artifact id: '337b35d12219b40beeb691fdd633f068') in 0.013382 seconds 
  Import took 0.015887 seconds .

========================================================================
Received Import Request.
  Time since last request: 97.254750 seconds.
  path: Assets/Scripts/SetActive.cs
  artifactKey: Guid(f041b3ac428bdee4c822638ba3bd896e) Importer(815301076,1909f56bfc062723c751e8b465ee728b)
Start importing Assets/Scripts/SetActive.cs using Guid(f041b3ac428bdee4c822638ba3bd896e) Importer(815301076,1909f56bfc062723c751e8b465ee728b)  -> (artifact id: 'abbfac01e88ae558ec1e79df2d4151cb') in 0.011007 seconds 
  Import took 0.013710 seconds .

========================================================================
Received Import Request.
  Time since last request: 0.000411 seconds.
  path: Assets/Scripts/SetActive.cs
  artifactKey: Guid(f041b3ac428bdee4c822638ba3bd896e) Importer(815301076,1909f56bfc062723c751e8b465ee728b)
Start importing Assets/Scripts/SetActive.cs using Guid(f041b3ac428bdee4c822638ba3bd896e) Importer(815301076,1909f56bfc062723c751e8b465ee728b)  -> (artifact id: 'abbfac01e88ae558ec1e79df2d4151cb') in 0.004439 seconds 
  Import took 0.007052 seconds .

========================================================================
Received Prepare
Registering precompiled user dll's ...
Registered in 0.004615 seconds.
Begin MonoManager ReloadAssembly
Symbol file data-0000023E6CA24010 doesn't match image C:\Users\Enzod\Desktop\Cosmic\Cosmic-SHEEP\Cosmic SHEEP\Cosmic SHEEP\Library\ScriptAssemblies\Cinemachine.dll
Symbol file LoadedFromMemory is not a mono symbol file
Symbol file data-0000023E6C4BC010 doesn't match image C:\Users\Enzod\Desktop\Cosmic\Cosmic-SHEEP\Cosmic SHEEP\Cosmic SHEEP\Library\ScriptAssemblies\Unity.VSCode.Editor.dll
Symbol file LoadedFromMemory is not a mono symbol file
Symbol file data-0000023E926E9030 doesn't match image C:\Users\Enzod\Desktop\Cosmic\Cosmic-SHEEP\Cosmic SHEEP\Cosmic SHEEP\Library\ScriptAssemblies\com.unity.cinemachine.editor.dll
Symbol file LoadedFromMemory is not a mono symbol file
Symbol file data-0000023E926E9030 doesn't match image C:\Users\Enzod\Desktop\Cosmic\Cosmic-SHEEP\Cosmic SHEEP\Cosmic SHEEP\Library\ScriptAssemblies\Unity.TextMeshPro.Editor.dll
Symbol file LoadedFromMemory is not a mono symbol file
Symbol file data-0000023E6C5D5010 doesn't match image C:\Users\Enzod\Desktop\Cosmic\Cosmic-SHEEP\Cosmic SHEEP\Cosmic SHEEP\Library\ScriptAssemblies\Unity.VisualStudio.Editor.dll
Symbol file LoadedFromMemory is not a mono symbol file
Symbol file data-0000023E6C81D020 doesn't match image C:\Users\Enzod\Desktop\Cosmic\Cosmic-SHEEP\Cosmic SHEEP\Cosmic SHEEP\Library\ScriptAssemblies\UnityEngine.TestRunner.dll
Symbol file LoadedFromMemory is not a mono symbol file
Symbol file data-0000023E93FAFC40 doesn't match image C:\Users\Enzod\Desktop\Cosmic\Cosmic-SHEEP\Cosmic SHEEP\Cosmic SHEEP\Library\ScriptAssemblies\Unity.Timeline.Editor.dll
Symbol file LoadedFromMemory is not a mono symbol file
Symbol file data-0000023E926E9030 doesn't match image C:\Users\Enzod\Desktop\Cosmic\Cosmic-SHEEP\Cosmic SHEEP\Cosmic SHEEP\Library\ScriptAssemblies\Unity.Timeline.dll
Symbol file LoadedFromMemory is not a mono symbol file
Symbol file data-0000023E90A5C010 doesn't match image C:\Users\Enzod\Desktop\Cosmic\Cosmic-SHEEP\Cosmic SHEEP\Cosmic SHEEP\Library\ScriptAssemblies\Unity.TextMeshPro.dll
Symbol file LoadedFromMemory is not a mono symbol file
Symbol file data-0000023E6C81D020 doesn't match image C:\Users\Enzod\Desktop\Cosmic\Cosmic-SHEEP\Cosmic SHEEP\Cosmic SHEEP\Library\ScriptAssemblies\Unity.CollabProxy.Editor.dll
Symbol file LoadedFromMemory is not a mono symbol file
Symbol file data-0000023E909BB010 doesn't match image C:\Users\Enzod\Desktop\Cosmic\Cosmic-SHEEP\Cosmic SHEEP\Cosmic SHEEP\Library\ScriptAssemblies\UnityEditor.TestRunner.dll
Symbol file LoadedFromMemory is not a mono symbol file
Symbol file data-0000023E6C5D5010 doesn't match image C:\Users\Enzod\Desktop\Cosmic\Cosmic-SHEEP\Cosmic SHEEP\Cosmic SHEEP\Library\ScriptAssemblies\UnityEditor.UI.dll
Symbol file LoadedFromMemory is not a mono symbol file
Symbol file data-0000023E95028080 doesn't match image C:\Users\Enzod\Desktop\Cosmic\Cosmic-SHEEP\Cosmic SHEEP\Cosmic SHEEP\Library\ScriptAssemblies\Unity.PlasticSCM.Editor.dll
Symbol file LoadedFromMemory is not a mono symbol file
Symbol file data-0000023E6C8D0FD0 doesn't match image C:\Users\Enzod\Desktop\Cosmic\Cosmic-SHEEP\Cosmic SHEEP\Cosmic SHEEP\Library\ScriptAssemblies\Unity.Rider.Editor.dll
Symbol file LoadedFromMemory is not a mono symbol file
Symbol file data-0000023EB7B34020 doesn't match image C:\Users\Enzod\Desktop\Cosmic\Cosmic-SHEEP\Cosmic SHEEP\Cosmic SHEEP\Library\ScriptAssemblies\UnityEngine.UI.dll
Symbol file LoadedFromMemory is not a mono symbol file
Native extension for WindowsStandalone target not found
Native extension for WebGL target not found
Refreshing native plugins compatible for Editor in 0.66 ms, found 2 plugins.
Preloading 0 native plugins for Editor in 0.00 ms.
Mono: successfully reloaded assembly
- Completed reload, in  1.377 seconds
Domain Reload Profiling:
	ReloadAssembly (1377ms)
		BeginReloadAssembly (173ms)
			ExecutionOrderSort (0ms)
			DisableScriptedObjects (7ms)
			BackupInstance (0ms)
			ReleaseScriptingObjects (0ms)
			CreateAndSetChildDomain (44ms)
		EndReloadAssembly (1099ms)
			LoadAssemblies (148ms)
			RebuildTransferFunctionScriptingTraits (0ms)
			SetupTypeCache (402ms)
			ReleaseScriptCaches (1ms)
			RebuildScriptCaches (53ms)
			SetupLoadedEditorAssemblies (392ms)
				LogAssemblyErrors (0ms)
				InitializePlatformSupportModulesInManaged (7ms)
				SetLoadedEditorAssemblies (1ms)
				RefreshPlugins (1ms)
				BeforeProcessingInitializeOnLoad (96ms)
				ProcessInitializeOnLoadAttributes (279ms)
				ProcessInitializeOnLoadMethodAttributes (4ms)
				AfterProcessingInitializeOnLoad (4ms)
				EditorAssembliesLoaded (1ms)
			ExecutionOrderSort2 (0ms)
			AwakeInstancesAfterBackupRestoration (12ms)
Platform modules already initialized, skipping
Refreshing native plugins compatible for Editor in 0.47 ms, found 2 plugins.
Preloading 0 native plugins for Editor in 0.00 ms.
Unloading 1557 Unused Serialized files (Serialized files now loaded: 0)
System memory in use before: 158.9 MB.
System memory in use after: 159.1 MB.

Unloading 12 unused Assets to reduce memory usage. Loaded Objects now: 2037.
Total: 3.219900 ms (FindLiveObjects: 0.176500 ms CreateObjectMapping: 0.040200 ms MarkObjects: 2.980600 ms  DeleteObjects: 0.021300 ms)

AssetImportParameters requested are different than current active one (requested -> active):
  custom:framework-win-MediaFoundation: 216162199b28c13a410421893ffa2e32 -> 
  custom:video-decoder-ogg-theora: a1e56fd34408186e4bbccfd4996cb3dc -> 
  custom:container-muxer-webm: aa71ff27fc2769a1b78a27578f13a17b -> 
  custom:container-demuxer-webm: 4f35f7cbe854078d1ac9338744f61a02 -> 
  custom:container-demuxer-ogg: 62fdf1f143b41e24485cea50d1cbac27 -> 
  custom:video-encoder-webm-vp8: eb34c28f22e8b96e1ab97ce403110664 -> 
  custom:video-decoder-webm-vp8: 9c59270c3fd7afecdb556c50c9e8de78 -> 
  custom:audio-decoder-ogg-vorbis: bf7c407c2cedff20999df2af8eb42d56 -> 
  custom:audio-encoder-webm-vorbis: bf7c407c2cedff20999df2af8eb42d56 -> 
========================================================================
Received Import Request.
  Time since last request: 5.757084 seconds.
  path: Assets/Scripts/setUnactive.cs
  artifactKey: Guid(cdf0bc9cb881023418280546a8912747) Importer(815301076,1909f56bfc062723c751e8b465ee728b)
Start importing Assets/Scripts/setUnactive.cs using Guid(cdf0bc9cb881023418280546a8912747) Importer(815301076,1909f56bfc062723c751e8b465ee728b)  -> (artifact id: '7ddee05c0c70a8dde677f0ba7bb02a23') in 0.011090 seconds 
  Import took 0.013851 seconds .

========================================================================
Received Prepare
Registering precompiled user dll's ...
Registered in 0.004151 seconds.
Begin MonoManager ReloadAssembly
Symbol file data-0000023E6CA24010 doesn't match image C:\Users\Enzod\Desktop\Cosmic\Cosmic-SHEEP\Cosmic SHEEP\Cosmic SHEEP\Library\ScriptAssemblies\Cinemachine.dll
Symbol file LoadedFromMemory is not a mono symbol file
Symbol file data-0000023E95B27B10 doesn't match image C:\Users\Enzod\Desktop\Cosmic\Cosmic-SHEEP\Cosmic SHEEP\Cosmic SHEEP\Library\ScriptAssemblies\Unity.VSCode.Editor.dll
Symbol file LoadedFromMemory is not a mono symbol file
Symbol file data-0000023E90914040 doesn't match image C:\Users\Enzod\Desktop\Cosmic\Cosmic-SHEEP\Cosmic SHEEP\Cosmic SHEEP\Library\ScriptAssemblies\com.unity.cinemachine.editor.dll
Symbol file LoadedFromMemory is not a mono symbol file
Symbol file data-0000023E90914040 doesn't match image C:\Users\Enzod\Desktop\Cosmic\Cosmic-SHEEP\Cosmic SHEEP\Cosmic SHEEP\Library\ScriptAssemblies\Unity.TextMeshPro.Editor.dll
Symbol file LoadedFromMemory is not a mono symbol file
Symbol file data-0000023E95B27B10 doesn't match image C:\Users\Enzod\Desktop\Cosmic\Cosmic-SHEEP\Cosmic SHEEP\Cosmic SHEEP\Library\ScriptAssemblies\Unity.VisualStudio.Editor.dll
Symbol file LoadedFromMemory is not a mono symbol file
Symbol file data-0000023E6C81D020 doesn't match image C:\Users\Enzod\Desktop\Cosmic\Cosmic-SHEEP\Cosmic SHEEP\Cosmic SHEEP\Library\ScriptAssemblies\UnityEngine.TestRunner.dll
Symbol file LoadedFromMemory is not a mono symbol file
Symbol file data-0000023E913F2020 doesn't match image C:\Users\Enzod\Desktop\Cosmic\Cosmic-SHEEP\Cosmic SHEEP\Cosmic SHEEP\Library\ScriptAssemblies\Unity.Timeline.Editor.dll
Symbol file LoadedFromMemory is not a mono symbol file
Symbol file data-0000023E94F1C010 doesn't match image C:\Users\Enzod\Desktop\Cosmic\Cosmic-SHEEP\Cosmic SHEEP\Cosmic SHEEP\Library\ScriptAssemblies\Unity.Timeline.dll
Symbol file LoadedFromMemory is not a mono symbol file
Symbol file data-0000023E90A5C010 doesn't match image C:\Users\Enzod\Desktop\Cosmic\Cosmic-SHEEP\Cosmic SHEEP\Cosmic SHEEP\Library\ScriptAssemblies\Unity.TextMeshPro.dll
Symbol file LoadedFromMemory is not a mono symbol file
Symbol file data-0000023E6C81D020 doesn't match image C:\Users\Enzod\Desktop\Cosmic\Cosmic-SHEEP\Cosmic SHEEP\Cosmic SHEEP\Library\ScriptAssemblies\Unity.CollabProxy.Editor.dll
Symbol file LoadedFromMemory is not a mono symbol file
Symbol file data-0000023E6C695920 doesn't match image C:\Users\Enzod\Desktop\Cosmic\Cosmic-SHEEP\Cosmic SHEEP\Cosmic SHEEP\Library\ScriptAssemblies\UnityEditor.TestRunner.dll
Symbol file LoadedFromMemory is not a mono symbol file
Symbol file data-0000023E95B27B10 doesn't match image C:\Users\Enzod\Desktop\Cosmic\Cosmic-SHEEP\Cosmic SHEEP\Cosmic SHEEP\Library\ScriptAssemblies\UnityEditor.UI.dll
Symbol file LoadedFromMemory is not a mono symbol file
Symbol file data-0000023E91C20080 doesn't match image C:\Users\Enzod\Desktop\Cosmic\Cosmic-SHEEP\Cosmic SHEEP\Cosmic SHEEP\Library\ScriptAssemblies\Unity.PlasticSCM.Editor.dll
Symbol file LoadedFromMemory is not a mono symbol file
Symbol file data-0000023E6C8D0FD0 doesn't match image C:\Users\Enzod\Desktop\Cosmic\Cosmic-SHEEP\Cosmic SHEEP\Cosmic SHEEP\Library\ScriptAssemblies\Unity.Rider.Editor.dll
Symbol file LoadedFromMemory is not a mono symbol file
Symbol file data-0000023EB7DC7040 doesn't match image C:\Users\Enzod\Desktop\Cosmic\Cosmic-SHEEP\Cosmic SHEEP\Cosmic SHEEP\Library\ScriptAssemblies\UnityEngine.UI.dll
Symbol file LoadedFromMemory is not a mono symbol file
Native extension for WindowsStandalone target not found
Native extension for WebGL target not found
Refreshing native plugins compatible for Editor in 0.50 ms, found 2 plugins.
Preloading 0 native plugins for Editor in 0.00 ms.
Mono: successfully reloaded assembly
- Completed reload, in  1.166 seconds
Domain Reload Profiling:
	ReloadAssembly (1166ms)
		BeginReloadAssembly (144ms)
			ExecutionOrderSort (0ms)
			DisableScriptedObjects (6ms)
			BackupInstance (0ms)
			ReleaseScriptingObjects (0ms)
			CreateAndSetChildDomain (31ms)
		EndReloadAssembly (955ms)
			LoadAssemblies (118ms)
			RebuildTransferFunctionScriptingTraits (0ms)
			SetupTypeCache (305ms)
			ReleaseScriptCaches (1ms)
			RebuildScriptCaches (88ms)
			SetupLoadedEditorAssemblies (325ms)
				LogAssemblyErrors (0ms)
				InitializePlatformSupportModulesInManaged (7ms)
				SetLoadedEditorAssemblies (1ms)
				RefreshPlugins (1ms)
				BeforeProcessingInitializeOnLoad (82ms)
				ProcessInitializeOnLoadAttributes (227ms)
				ProcessInitializeOnLoadMethodAttributes (4ms)
				AfterProcessingInitializeOnLoad (3ms)
				EditorAssembliesLoaded (0ms)
			ExecutionOrderSort2 (0ms)
			AwakeInstancesAfterBackupRestoration (8ms)
Platform modules already initialized, skipping
Refreshing native plugins compatible for Editor in 0.58 ms, found 2 plugins.
Preloading 0 native plugins for Editor in 0.00 ms.
Unloading 1557 Unused Serialized files (Serialized files now loaded: 0)
System memory in use before: 159.0 MB.
System memory in use after: 159.1 MB.

Unloading 12 unused Assets to reduce memory usage. Loaded Objects now: 2039.
Total: 3.011300 ms (FindLiveObjects: 0.153900 ms CreateObjectMapping: 0.038600 ms MarkObjects: 2.800200 ms  DeleteObjects: 0.017500 ms)

AssetImportParameters requested are different than current active one (requested -> active):
  custom:framework-win-MediaFoundation: 216162199b28c13a410421893ffa2e32 -> 
  custom:video-decoder-ogg-theora: a1e56fd34408186e4bbccfd4996cb3dc -> 
  custom:container-muxer-webm: aa71ff27fc2769a1b78a27578f13a17b -> 
  custom:container-demuxer-webm: 4f35f7cbe854078d1ac9338744f61a02 -> 
  custom:container-demuxer-ogg: 62fdf1f143b41e24485cea50d1cbac27 -> 
  custom:video-encoder-webm-vp8: eb34c28f22e8b96e1ab97ce403110664 -> 
  custom:video-decoder-webm-vp8: 9c59270c3fd7afecdb556c50c9e8de78 -> 
  custom:audio-decoder-ogg-vorbis: bf7c407c2cedff20999df2af8eb42d56 -> 
  custom:audio-encoder-webm-vorbis: bf7c407c2cedff20999df2af8eb42d56 -> 
========================================================================
Received Prepare
Registering precompiled user dll's ...
Registered in 0.004555 seconds.
Begin MonoManager ReloadAssembly
Symbol file data-0000023E6CA24010 doesn't match image C:\Users\Enzod\Desktop\Cosmic\Cosmic-SHEEP\Cosmic SHEEP\Cosmic SHEEP\Library\ScriptAssemblies\Cinemachine.dll
Symbol file LoadedFromMemory is not a mono symbol file
Symbol file data-0000023E9280D040 doesn't match image C:\Users\Enzod\Desktop\Cosmic\Cosmic-SHEEP\Cosmic SHEEP\Cosmic SHEEP\Library\ScriptAssemblies\Unity.VSCode.Editor.dll
Symbol file LoadedFromMemory is not a mono symbol file
Symbol file data-0000023E95B1EAF0 doesn't match image C:\Users\Enzod\Desktop\Cosmic\Cosmic-SHEEP\Cosmic SHEEP\Cosmic SHEEP\Library\ScriptAssemblies\com.unity.cinemachine.editor.dll
Symbol file LoadedFromMemory is not a mono symbol file
Symbol file data-0000023E949CA010 doesn't match image C:\Users\Enzod\Desktop\Cosmic\Cosmic-SHEEP\Cosmic SHEEP\Cosmic SHEEP\Library\ScriptAssemblies\Unity.TextMeshPro.Editor.dll
Symbol file LoadedFromMemory is not a mono symbol file
Symbol file data-0000023E96DBCD40 doesn't match image C:\Users\Enzod\Desktop\Cosmic\Cosmic-SHEEP\Cosmic SHEEP\Cosmic SHEEP\Library\ScriptAssemblies\Unity.VisualStudio.Editor.dll
Symbol file LoadedFromMemory is not a mono symbol file
Symbol file data-0000023E95078010 doesn't match image C:\Users\Enzod\Desktop\Cosmic\Cosmic-SHEEP\Cosmic SHEEP\Cosmic SHEEP\Library\ScriptAssemblies\UnityEngine.TestRunner.dll
Symbol file LoadedFromMemory is not a mono symbol file
Symbol file data-0000023E92A4CCF0 doesn't match image C:\Users\Enzod\Desktop\Cosmic\Cosmic-SHEEP\Cosmic SHEEP\Cosmic SHEEP\Library\ScriptAssemblies\Unity.Timeline.Editor.dll
Symbol file LoadedFromMemory is not a mono symbol file
Symbol file data-0000023E91336030 doesn't match image C:\Users\Enzod\Desktop\Cosmic\Cosmic-SHEEP\Cosmic SHEEP\Cosmic SHEEP\Library\ScriptAssemblies\Unity.Timeline.dll
Symbol file LoadedFromMemory is not a mono symbol file
Symbol file data-0000023E93D06010 doesn't match image C:\Users\Enzod\Desktop\Cosmic\Cosmic-SHEEP\Cosmic SHEEP\Cosmic SHEEP\Library\ScriptAssemblies\Unity.TextMeshPro.dll
Symbol file LoadedFromMemory is not a mono symbol file
Symbol file data-0000023E95078010 doesn't match image C:\Users\Enzod\Desktop\Cosmic\Cosmic-SHEEP\Cosmic SHEEP\Cosmic SHEEP\Library\ScriptAssemblies\Unity.CollabProxy.Editor.dll
Symbol file LoadedFromMemory is not a mono symbol file
Symbol file data-0000023E909BB010 doesn't match image C:\Users\Enzod\Desktop\Cosmic\Cosmic-SHEEP\Cosmic SHEEP\Cosmic SHEEP\Library\ScriptAssemblies\UnityEditor.TestRunner.dll
Symbol file LoadedFromMemory is not a mono symbol file
Symbol file data-0000023E96DBCD40 doesn't match image C:\Users\Enzod\Desktop\Cosmic\Cosmic-SHEEP\Cosmic SHEEP\Cosmic SHEEP\Library\ScriptAssemblies\UnityEditor.UI.dll
Symbol file LoadedFromMemory is not a mono symbol file
Symbol file data-0000023E91457020 doesn't match image C:\Users\Enzod\Desktop\Cosmic\Cosmic-SHEEP\Cosmic SHEEP\Cosmic SHEEP\Library\ScriptAssemblies\Unity.PlasticSCM.Editor.dll
Symbol file LoadedFromMemory is not a mono symbol file
Symbol file data-0000023EDCE8F840 doesn't match image C:\Users\Enzod\Desktop\Cosmic\Cosmic-SHEEP\Cosmic SHEEP\Cosmic SHEEP\Library\ScriptAssemblies\Unity.Rider.Editor.dll
Symbol file LoadedFromMemory is not a mono symbol file
Symbol file data-0000023EDD181010 doesn't match image C:\Users\Enzod\Desktop\Cosmic\Cosmic-SHEEP\Cosmic SHEEP\Cosmic SHEEP\Library\ScriptAssemblies\UnityEngine.UI.dll
Symbol file LoadedFromMemory is not a mono symbol file
Native extension for WindowsStandalone target not found
Native extension for WebGL target not found
Refreshing native plugins compatible for Editor in 0.54 ms, found 2 plugins.
Preloading 0 native plugins for Editor in 0.00 ms.
Mono: successfully reloaded assembly
- Completed reload, in  1.169 seconds
Domain Reload Profiling:
	ReloadAssembly (1170ms)
		BeginReloadAssembly (140ms)
			ExecutionOrderSort (0ms)
			DisableScriptedObjects (5ms)
			BackupInstance (0ms)
			ReleaseScriptingObjects (0ms)
			CreateAndSetChildDomain (32ms)
		EndReloadAssembly (962ms)
			LoadAssemblies (119ms)
			RebuildTransferFunctionScriptingTraits (0ms)
			SetupTypeCache (305ms)
			ReleaseScriptCaches (1ms)
			RebuildScriptCaches (81ms)
			SetupLoadedEditorAssemblies (331ms)
				LogAssemblyErrors (0ms)
				InitializePlatformSupportModulesInManaged (7ms)
				SetLoadedEditorAssemblies (1ms)
				RefreshPlugins (1ms)
				BeforeProcessingInitializeOnLoad (89ms)
				ProcessInitializeOnLoadAttributes (225ms)
				ProcessInitializeOnLoadMethodAttributes (4ms)
				AfterProcessingInitializeOnLoad (3ms)
				EditorAssembliesLoaded (0ms)
			ExecutionOrderSort2 (0ms)
			AwakeInstancesAfterBackupRestoration (8ms)
Platform modules already initialized, skipping
Refreshing native plugins compatible for Editor in 0.40 ms, found 2 plugins.
Preloading 0 native plugins for Editor in 0.00 ms.
Unloading 1557 Unused Serialized files (Serialized files now loaded: 0)
System memory in use before: 159.0 MB.
System memory in use after: 159.1 MB.

Unloading 12 unused Assets to reduce memory usage. Loaded Objects now: 2041.
Total: 3.033500 ms (FindLiveObjects: 0.148700 ms CreateObjectMapping: 0.038400 ms MarkObjects: 2.829300 ms  DeleteObjects: 0.015800 ms)

AssetImportParameters requested are different than current active one (requested -> active):
  custom:framework-win-MediaFoundation: 216162199b28c13a410421893ffa2e32 -> 
  custom:video-decoder-ogg-theora: a1e56fd34408186e4bbccfd4996cb3dc -> 
  custom:container-muxer-webm: aa71ff27fc2769a1b78a27578f13a17b -> 
  custom:container-demuxer-webm: 4f35f7cbe854078d1ac9338744f61a02 -> 
  custom:container-demuxer-ogg: 62fdf1f143b41e24485cea50d1cbac27 -> 
  custom:video-encoder-webm-vp8: eb34c28f22e8b96e1ab97ce403110664 -> 
  custom:video-decoder-webm-vp8: 9c59270c3fd7afecdb556c50c9e8de78 -> 
  custom:audio-decoder-ogg-vorbis: bf7c407c2cedff20999df2af8eb42d56 -> 
  custom:audio-encoder-webm-vorbis: bf7c407c2cedff20999df2af8eb42d56 -> 
AssetImportWorkerClient::OnTransportError - code=2 error=End of file
