Using pre-set license
Built from '2020.3/staging' branch; Version is '2020.3.18f1 (a7d1c678663c) revision 10998214'; Using compiler version '192528614'; Build Type 'Release'
OS: 'Windows 10 Home; OS build 19042.1348; Version 2009; 64bit' Language: 'en' Physical Memory: 16314 MB
BatchMode: 1, IsHumanControllingUs: 0, StartBugReporterOnCrash: 0, Is64bit: 1, IsPro: 0

COMMAND LINE ARGUMENTS:
D:\Unity Versions\2020.3.18f1\Editor\Unity.exe
-adb2
-batchMode
-noUpm
-name
AssetImportWorker0
-projectPath
C:/Users/Enzod/Desktop/Cosmic/Cosmic-SHEEP/Cosmic SHEEP/Cosmic SHEEP
-logFile
Logs/AssetImportWorker0.log
-srvPort
58504
Successfully changed project path to: C:/Users/Enzod/Desktop/Cosmic/Cosmic-SHEEP/Cosmic SHEEP/Cosmic SHEEP
C:/Users/Enzod/Desktop/Cosmic/Cosmic-SHEEP/Cosmic SHEEP/Cosmic SHEEP
Using Asset Import Pipeline V2.
Refreshing native plugins compatible for Editor in 53.32 ms, found 2 plugins.
Preloading 0 native plugins for Editor in 0.00 ms.
Initialize engine version: 2020.3.18f1 (a7d1c678663c)
[Subsystems] Discovering subsystems at path D:/Unity Versions/2020.3.18f1/Editor/Data/Resources/UnitySubsystems
[Subsystems] Discovering subsystems at path C:/Users/Enzod/Desktop/Cosmic/Cosmic-SHEEP/Cosmic SHEEP/Cosmic SHEEP/Assets
GfxDevice: creating device client; threaded=0
Direct3D:
    Version:  Direct3D 11.0 [level 11.1]
    Renderer: NVIDIA GeForce GTX 1660 Ti (ID=0x2182)
    Vendor:   
    VRAM:     5991 MB
    Driver:   30.0.14.7212
Initialize mono
Mono path[0] = 'D:/Unity Versions/2020.3.18f1/Editor/Data/Managed'
Mono path[1] = 'D:/Unity Versions/2020.3.18f1/Editor/Data/MonoBleedingEdge/lib/mono/unityjit'
Mono config path = 'D:/Unity Versions/2020.3.18f1/Editor/Data/MonoBleedingEdge/etc'
Using monoOptions --debugger-agent=transport=dt_socket,embedding=1,server=y,suspend=n,address=127.0.0.1:56500
Begin MonoManager ReloadAssembly
Registering precompiled unity dll's ...
Register platform support module: D:/Unity Versions/2020.3.18f1/Editor/Data/PlaybackEngines/WebGLSupport/UnityEditor.WebGL.Extensions.dll
Register platform support module: D:/Unity Versions/2020.3.18f1/Editor/Data/PlaybackEngines/WindowsStandaloneSupport/UnityEditor.WindowsStandalone.Extensions.dll
Registered in 0.001869 seconds.
Native extension for WindowsStandalone target not found
Native extension for WebGL target not found
Refreshing native plugins compatible for Editor in 45.85 ms, found 2 plugins.
Preloading 0 native plugins for Editor in 0.00 ms.
Mono: successfully reloaded assembly
- Completed reload, in  2.006 seconds
Domain Reload Profiling:
	ReloadAssembly (2006ms)
		BeginReloadAssembly (83ms)
			ExecutionOrderSort (0ms)
			DisableScriptedObjects (0ms)
			BackupInstance (0ms)
			ReleaseScriptingObjects (0ms)
			CreateAndSetChildDomain (1ms)
		EndReloadAssembly (477ms)
			LoadAssemblies (83ms)
			RebuildTransferFunctionScriptingTraits (0ms)
			SetupTypeCache (172ms)
			ReleaseScriptCaches (0ms)
			RebuildScriptCaches (32ms)
			SetupLoadedEditorAssemblies (196ms)
				LogAssemblyErrors (0ms)
				InitializePlatformSupportModulesInManaged (5ms)
				SetLoadedEditorAssemblies (0ms)
				RefreshPlugins (46ms)
				BeforeProcessingInitializeOnLoad (22ms)
				ProcessInitializeOnLoadAttributes (91ms)
				ProcessInitializeOnLoadMethodAttributes (31ms)
				AfterProcessingInitializeOnLoad (0ms)
				EditorAssembliesLoaded (0ms)
			ExecutionOrderSort2 (0ms)
			AwakeInstancesAfterBackupRestoration (0ms)
Platform modules already initialized, skipping
Registering precompiled user dll's ...
Registered in 0.004217 seconds.
Begin MonoManager ReloadAssembly
Symbol file data-000002711631A010 doesn't match image C:\Users\Enzod\Desktop\Cosmic\Cosmic-SHEEP\Cosmic SHEEP\Cosmic SHEEP\Library\ScriptAssemblies\Cinemachine.dll
Symbol file LoadedFromMemory is not a mono symbol file
Symbol file data-00000270F1536140 doesn't match image C:\Users\Enzod\Desktop\Cosmic\Cosmic-SHEEP\Cosmic SHEEP\Cosmic SHEEP\Library\ScriptAssemblies\Unity.VSCode.Editor.dll
Symbol file LoadedFromMemory is not a mono symbol file
Symbol file data-000002711631A010 doesn't match image C:\Users\Enzod\Desktop\Cosmic\Cosmic-SHEEP\Cosmic SHEEP\Cosmic SHEEP\Library\ScriptAssemblies\com.unity.cinemachine.editor.dll
Symbol file LoadedFromMemory is not a mono symbol file
Symbol file data-000002711631A010 doesn't match image C:\Users\Enzod\Desktop\Cosmic\Cosmic-SHEEP\Cosmic SHEEP\Cosmic SHEEP\Library\ScriptAssemblies\Unity.TextMeshPro.Editor.dll
Symbol file LoadedFromMemory is not a mono symbol file
Symbol file data-00000271165A7040 doesn't match image C:\Users\Enzod\Desktop\Cosmic\Cosmic-SHEEP\Cosmic SHEEP\Cosmic SHEEP\Library\ScriptAssemblies\Unity.VisualStudio.Editor.dll
Symbol file LoadedFromMemory is not a mono symbol file
Symbol file data-00000270F1597860 doesn't match image C:\Users\Enzod\Desktop\Cosmic\Cosmic-SHEEP\Cosmic SHEEP\Cosmic SHEEP\Library\ScriptAssemblies\UnityEngine.TestRunner.dll
Symbol file LoadedFromMemory is not a mono symbol file
Symbol file data-000002711590C020 doesn't match image C:\Users\Enzod\Desktop\Cosmic\Cosmic-SHEEP\Cosmic SHEEP\Cosmic SHEEP\Library\ScriptAssemblies\Unity.Timeline.Editor.dll
Symbol file LoadedFromMemory is not a mono symbol file
Symbol file data-00000270F1597860 doesn't match image C:\Users\Enzod\Desktop\Cosmic\Cosmic-SHEEP\Cosmic SHEEP\Cosmic SHEEP\Library\ScriptAssemblies\Unity.Timeline.dll
Symbol file LoadedFromMemory is not a mono symbol file
Symbol file data-0000027115F8A020 doesn't match image C:\Users\Enzod\Desktop\Cosmic\Cosmic-SHEEP\Cosmic SHEEP\Cosmic SHEEP\Library\ScriptAssemblies\Unity.TextMeshPro.dll
Symbol file LoadedFromMemory is not a mono symbol file
Symbol file data-00000270F1597860 doesn't match image C:\Users\Enzod\Desktop\Cosmic\Cosmic-SHEEP\Cosmic SHEEP\Cosmic SHEEP\Library\ScriptAssemblies\Unity.CollabProxy.Editor.dll
Symbol file LoadedFromMemory is not a mono symbol file
Symbol file data-000002711600C230 doesn't match image C:\Users\Enzod\Desktop\Cosmic\Cosmic-SHEEP\Cosmic SHEEP\Cosmic SHEEP\Library\ScriptAssemblies\UnityEditor.TestRunner.dll
Symbol file LoadedFromMemory is not a mono symbol file
Symbol file data-0000027116597E20 doesn't match image C:\Users\Enzod\Desktop\Cosmic\Cosmic-SHEEP\Cosmic SHEEP\Cosmic SHEEP\Library\ScriptAssemblies\UnityEditor.UI.dll
Symbol file LoadedFromMemory is not a mono symbol file
Symbol file data-0000027116262010 doesn't match image C:\Users\Enzod\Desktop\Cosmic\Cosmic-SHEEP\Cosmic SHEEP\Cosmic SHEEP\Library\ScriptAssemblies\Unity.PlasticSCM.Editor.dll
Symbol file LoadedFromMemory is not a mono symbol file
Symbol file data-00000271160F6C30 doesn't match image C:\Users\Enzod\Desktop\Cosmic\Cosmic-SHEEP\Cosmic SHEEP\Cosmic SHEEP\Library\ScriptAssemblies\Unity.Rider.Editor.dll
Symbol file LoadedFromMemory is not a mono symbol file
Symbol file data-0000027115FB0230 doesn't match image C:\Users\Enzod\Desktop\Cosmic\Cosmic-SHEEP\Cosmic SHEEP\Cosmic SHEEP\Library\ScriptAssemblies\UnityEngine.UI.dll
Symbol file LoadedFromMemory is not a mono symbol file
Native extension for WindowsStandalone target not found
Native extension for WebGL target not found
Refreshing native plugins compatible for Editor in 0.97 ms, found 2 plugins.
Preloading 0 native plugins for Editor in 0.00 ms.
Mono: successfully reloaded assembly
- Completed reload, in  1.223 seconds
Domain Reload Profiling:
	ReloadAssembly (1224ms)
		BeginReloadAssembly (199ms)
			ExecutionOrderSort (0ms)
			DisableScriptedObjects (5ms)
			BackupInstance (0ms)
			ReleaseScriptingObjects (0ms)
			CreateAndSetChildDomain (20ms)
		EndReloadAssembly (952ms)
			LoadAssemblies (124ms)
			RebuildTransferFunctionScriptingTraits (0ms)
			SetupTypeCache (312ms)
			ReleaseScriptCaches (0ms)
			RebuildScriptCaches (55ms)
			SetupLoadedEditorAssemblies (368ms)
				LogAssemblyErrors (0ms)
				InitializePlatformSupportModulesInManaged (7ms)
				SetLoadedEditorAssemblies (1ms)
				RefreshPlugins (1ms)
				BeforeProcessingInitializeOnLoad (89ms)
				ProcessInitializeOnLoadAttributes (259ms)
				ProcessInitializeOnLoadMethodAttributes (6ms)
				AfterProcessingInitializeOnLoad (5ms)
				EditorAssembliesLoaded (0ms)
			ExecutionOrderSort2 (0ms)
			AwakeInstancesAfterBackupRestoration (9ms)
Platform modules already initialized, skipping
========================================================================
Worker process is ready to serve import requests
Launched and connected shader compiler UnityShaderCompiler.exe after 0.30 seconds
Refreshing native plugins compatible for Editor in 0.65 ms, found 2 plugins.
Preloading 0 native plugins for Editor in 0.00 ms.
Unloading 1571 Unused Serialized files (Serialized files now loaded: 0)
System memory in use before: 159.6 MB.
System memory in use after: 159.7 MB.

Unloading 17 unused Assets to reduce memory usage. Loaded Objects now: 2033.
Total: 4.463000 ms (FindLiveObjects: 0.228800 ms CreateObjectMapping: 0.051700 ms MarkObjects: 4.044200 ms  DeleteObjects: 0.136300 ms)

AssetImportParameters requested are different than current active one (requested -> active):
  custom:framework-win-MediaFoundation: 216162199b28c13a410421893ffa2e32 -> 
  custom:video-decoder-ogg-theora: a1e56fd34408186e4bbccfd4996cb3dc -> 
  custom:container-muxer-webm: aa71ff27fc2769a1b78a27578f13a17b -> 
  custom:container-demuxer-webm: 4f35f7cbe854078d1ac9338744f61a02 -> 
  custom:container-demuxer-ogg: 62fdf1f143b41e24485cea50d1cbac27 -> 
  custom:video-encoder-webm-vp8: eb34c28f22e8b96e1ab97ce403110664 -> 
  custom:video-decoder-webm-vp8: 9c59270c3fd7afecdb556c50c9e8de78 -> 
  custom:audio-decoder-ogg-vorbis: bf7c407c2cedff20999df2af8eb42d56 -> 
  custom:audio-encoder-webm-vorbis: bf7c407c2cedff20999df2af8eb42d56 -> 
========================================================================
Received Import Request.
  path: Assets/Scripts/bossProjectile.cs
  artifactKey: Guid(9beeb721ce48c094e9fa7d80f7281b28) Importer(815301076,1909f56bfc062723c751e8b465ee728b)
Start importing Assets/Scripts/bossProjectile.cs using Guid(9beeb721ce48c094e9fa7d80f7281b28) Importer(815301076,1909f56bfc062723c751e8b465ee728b)  -> (artifact id: '2578cbe3f4fe3966ac9673a88982f906') in 0.039535 seconds 
  Import took 0.042461 seconds .

========================================================================
Received Prepare
Registering precompiled user dll's ...
Registered in 0.005536 seconds.
Begin MonoManager ReloadAssembly
Symbol file data-000002711631A010 doesn't match image C:\Users\Enzod\Desktop\Cosmic\Cosmic-SHEEP\Cosmic SHEEP\Cosmic SHEEP\Library\ScriptAssemblies\Cinemachine.dll
Symbol file LoadedFromMemory is not a mono symbol file
Symbol file data-00000270F18AE4F0 doesn't match image C:\Users\Enzod\Desktop\Cosmic\Cosmic-SHEEP\Cosmic SHEEP\Cosmic SHEEP\Library\ScriptAssemblies\Unity.VSCode.Editor.dll
Symbol file LoadedFromMemory is not a mono symbol file
Symbol file data-0000027115F68020 doesn't match image C:\Users\Enzod\Desktop\Cosmic\Cosmic-SHEEP\Cosmic SHEEP\Cosmic SHEEP\Library\ScriptAssemblies\com.unity.cinemachine.editor.dll
Symbol file LoadedFromMemory is not a mono symbol file
Symbol file data-0000027115F68020 doesn't match image C:\Users\Enzod\Desktop\Cosmic\Cosmic-SHEEP\Cosmic SHEEP\Cosmic SHEEP\Library\ScriptAssemblies\Unity.TextMeshPro.Editor.dll
Symbol file LoadedFromMemory is not a mono symbol file
Symbol file data-00000270F1447500 doesn't match image C:\Users\Enzod\Desktop\Cosmic\Cosmic-SHEEP\Cosmic SHEEP\Cosmic SHEEP\Library\ScriptAssemblies\Unity.VisualStudio.Editor.dll
Symbol file LoadedFromMemory is not a mono symbol file
Symbol file data-0000027115F68020 doesn't match image C:\Users\Enzod\Desktop\Cosmic\Cosmic-SHEEP\Cosmic SHEEP\Cosmic SHEEP\Library\ScriptAssemblies\UnityEngine.TestRunner.dll
Symbol file LoadedFromMemory is not a mono symbol file
Symbol file data-0000027115F8A020 doesn't match image C:\Users\Enzod\Desktop\Cosmic\Cosmic-SHEEP\Cosmic SHEEP\Cosmic SHEEP\Library\ScriptAssemblies\Unity.Timeline.Editor.dll
Symbol file LoadedFromMemory is not a mono symbol file
Symbol file data-0000027115F68020 doesn't match image C:\Users\Enzod\Desktop\Cosmic\Cosmic-SHEEP\Cosmic SHEEP\Cosmic SHEEP\Library\ScriptAssemblies\Unity.Timeline.dll
Symbol file LoadedFromMemory is not a mono symbol file
Symbol file data-0000027119BD2010 doesn't match image C:\Users\Enzod\Desktop\Cosmic\Cosmic-SHEEP\Cosmic SHEEP\Cosmic SHEEP\Library\ScriptAssemblies\Unity.TextMeshPro.dll
Symbol file LoadedFromMemory is not a mono symbol file
Symbol file data-0000027115F68020 doesn't match image C:\Users\Enzod\Desktop\Cosmic\Cosmic-SHEEP\Cosmic SHEEP\Cosmic SHEEP\Library\ScriptAssemblies\Unity.CollabProxy.Editor.dll
Symbol file LoadedFromMemory is not a mono symbol file
Symbol file data-00000270F1266020 doesn't match image C:\Users\Enzod\Desktop\Cosmic\Cosmic-SHEEP\Cosmic SHEEP\Cosmic SHEEP\Library\ScriptAssemblies\UnityEditor.TestRunner.dll
Symbol file LoadedFromMemory is not a mono symbol file
Symbol file data-00000270F1447500 doesn't match image C:\Users\Enzod\Desktop\Cosmic\Cosmic-SHEEP\Cosmic SHEEP\Cosmic SHEEP\Library\ScriptAssemblies\UnityEditor.UI.dll
Symbol file LoadedFromMemory is not a mono symbol file
Symbol file data-0000027115F24010 doesn't match image C:\Users\Enzod\Desktop\Cosmic\Cosmic-SHEEP\Cosmic SHEEP\Cosmic SHEEP\Library\ScriptAssemblies\Unity.PlasticSCM.Editor.dll
Symbol file LoadedFromMemory is not a mono symbol file
Symbol file data-000002711BA9D9D0 doesn't match image C:\Users\Enzod\Desktop\Cosmic\Cosmic-SHEEP\Cosmic SHEEP\Cosmic SHEEP\Library\ScriptAssemblies\Unity.Rider.Editor.dll
Symbol file LoadedFromMemory is not a mono symbol file
Symbol file data-00000270F14A4010 doesn't match image C:\Users\Enzod\Desktop\Cosmic\Cosmic-SHEEP\Cosmic SHEEP\Cosmic SHEEP\Library\ScriptAssemblies\UnityEngine.UI.dll
Symbol file LoadedFromMemory is not a mono symbol file
Native extension for WindowsStandalone target not found
Native extension for WebGL target not found
Refreshing native plugins compatible for Editor in 0.42 ms, found 2 plugins.
Preloading 0 native plugins for Editor in 0.00 ms.
Mono: successfully reloaded assembly
- Completed reload, in  1.224 seconds
Domain Reload Profiling:
	ReloadAssembly (1225ms)
		BeginReloadAssembly (155ms)
			ExecutionOrderSort (0ms)
			DisableScriptedObjects (5ms)
			BackupInstance (0ms)
			ReleaseScriptingObjects (0ms)
			CreateAndSetChildDomain (32ms)
		EndReloadAssembly (996ms)
			LoadAssemblies (134ms)
			RebuildTransferFunctionScriptingTraits (0ms)
			SetupTypeCache (362ms)
			ReleaseScriptCaches (1ms)
			RebuildScriptCaches (45ms)
			SetupLoadedEditorAssemblies (368ms)
				LogAssemblyErrors (0ms)
				InitializePlatformSupportModulesInManaged (7ms)
				SetLoadedEditorAssemblies (1ms)
				RefreshPlugins (1ms)
				BeforeProcessingInitializeOnLoad (90ms)
				ProcessInitializeOnLoadAttributes (264ms)
				ProcessInitializeOnLoadMethodAttributes (4ms)
				AfterProcessingInitializeOnLoad (3ms)
				EditorAssembliesLoaded (0ms)
			ExecutionOrderSort2 (0ms)
			AwakeInstancesAfterBackupRestoration (8ms)
Platform modules already initialized, skipping
Refreshing native plugins compatible for Editor in 0.46 ms, found 2 plugins.
Preloading 0 native plugins for Editor in 0.00 ms.
Unloading 1559 Unused Serialized files (Serialized files now loaded: 0)
System memory in use before: 158.9 MB.
System memory in use after: 159.0 MB.

Unloading 12 unused Assets to reduce memory usage. Loaded Objects now: 2035.
Total: 2.846600 ms (FindLiveObjects: 0.155800 ms CreateObjectMapping: 0.038300 ms MarkObjects: 2.637400 ms  DeleteObjects: 0.014100 ms)

AssetImportParameters requested are different than current active one (requested -> active):
  custom:framework-win-MediaFoundation: 216162199b28c13a410421893ffa2e32 -> 
  custom:video-decoder-ogg-theora: a1e56fd34408186e4bbccfd4996cb3dc -> 
  custom:container-muxer-webm: aa71ff27fc2769a1b78a27578f13a17b -> 
  custom:container-demuxer-webm: 4f35f7cbe854078d1ac9338744f61a02 -> 
  custom:container-demuxer-ogg: 62fdf1f143b41e24485cea50d1cbac27 -> 
  custom:video-encoder-webm-vp8: eb34c28f22e8b96e1ab97ce403110664 -> 
  custom:video-decoder-webm-vp8: 9c59270c3fd7afecdb556c50c9e8de78 -> 
  custom:audio-decoder-ogg-vorbis: bf7c407c2cedff20999df2af8eb42d56 -> 
  custom:audio-encoder-webm-vorbis: bf7c407c2cedff20999df2af8eb42d56 -> 
========================================================================
Received Prepare
Registering precompiled user dll's ...
Registered in 0.004068 seconds.
Begin MonoManager ReloadAssembly
Symbol file data-0000027119838010 doesn't match image C:\Users\Enzod\Desktop\Cosmic\Cosmic-SHEEP\Cosmic SHEEP\Cosmic SHEEP\Library\ScriptAssemblies\Cinemachine.dll
Symbol file LoadedFromMemory is not a mono symbol file
Symbol file data-000002711996ECC0 doesn't match image C:\Users\Enzod\Desktop\Cosmic\Cosmic-SHEEP\Cosmic SHEEP\Cosmic SHEEP\Library\ScriptAssemblies\Unity.VSCode.Editor.dll
Symbol file LoadedFromMemory is not a mono symbol file
Symbol file data-000002713CDA0010 doesn't match image C:\Users\Enzod\Desktop\Cosmic\Cosmic-SHEEP\Cosmic SHEEP\Cosmic SHEEP\Library\ScriptAssemblies\com.unity.cinemachine.editor.dll
Symbol file LoadedFromMemory is not a mono symbol file
Symbol file data-000002713CDA0010 doesn't match image C:\Users\Enzod\Desktop\Cosmic\Cosmic-SHEEP\Cosmic SHEEP\Cosmic SHEEP\Library\ScriptAssemblies\Unity.TextMeshPro.Editor.dll
Symbol file LoadedFromMemory is not a mono symbol file
Symbol file data-00000270F17C7060 doesn't match image C:\Users\Enzod\Desktop\Cosmic\Cosmic-SHEEP\Cosmic SHEEP\Cosmic SHEEP\Library\ScriptAssemblies\Unity.VisualStudio.Editor.dll
Symbol file LoadedFromMemory is not a mono symbol file
Symbol file data-0000027115E9E9C0 doesn't match image C:\Users\Enzod\Desktop\Cosmic\Cosmic-SHEEP\Cosmic SHEEP\Cosmic SHEEP\Library\ScriptAssemblies\UnityEngine.TestRunner.dll
Symbol file LoadedFromMemory is not a mono symbol file
Symbol file data-000002713CC2E040 doesn't match image C:\Users\Enzod\Desktop\Cosmic\Cosmic-SHEEP\Cosmic SHEEP\Cosmic SHEEP\Library\ScriptAssemblies\Unity.Timeline.Editor.dll
Symbol file LoadedFromMemory is not a mono symbol file
Symbol file data-0000027115F68020 doesn't match image C:\Users\Enzod\Desktop\Cosmic\Cosmic-SHEEP\Cosmic SHEEP\Cosmic SHEEP\Library\ScriptAssemblies\Unity.Timeline.dll
Symbol file LoadedFromMemory is not a mono symbol file
Symbol file data-000002715E3D7770 doesn't match image C:\Users\Enzod\Desktop\Cosmic\Cosmic-SHEEP\Cosmic SHEEP\Cosmic SHEEP\Library\ScriptAssemblies\Unity.TextMeshPro.dll
Symbol file LoadedFromMemory is not a mono symbol file
Symbol file data-0000027115E9E9C0 doesn't match image C:\Users\Enzod\Desktop\Cosmic\Cosmic-SHEEP\Cosmic SHEEP\Cosmic SHEEP\Library\ScriptAssemblies\Unity.CollabProxy.Editor.dll
Symbol file LoadedFromMemory is not a mono symbol file
Symbol file data-00000270F1266020 doesn't match image C:\Users\Enzod\Desktop\Cosmic\Cosmic-SHEEP\Cosmic SHEEP\Cosmic SHEEP\Library\ScriptAssemblies\UnityEditor.TestRunner.dll
Symbol file LoadedFromMemory is not a mono symbol file
Symbol file data-00000270F17C7060 doesn't match image C:\Users\Enzod\Desktop\Cosmic\Cosmic-SHEEP\Cosmic SHEEP\Cosmic SHEEP\Library\ScriptAssemblies\UnityEditor.UI.dll
Symbol file LoadedFromMemory is not a mono symbol file
Symbol file data-0000027115F24010 doesn't match image C:\Users\Enzod\Desktop\Cosmic\Cosmic-SHEEP\Cosmic SHEEP\Cosmic SHEEP\Library\ScriptAssemblies\Unity.PlasticSCM.Editor.dll
Symbol file LoadedFromMemory is not a mono symbol file
Symbol file data-00000270F17C7060 doesn't match image C:\Users\Enzod\Desktop\Cosmic\Cosmic-SHEEP\Cosmic SHEEP\Cosmic SHEEP\Library\ScriptAssemblies\Unity.Rider.Editor.dll
Symbol file LoadedFromMemory is not a mono symbol file
Symbol file data-00000270F158F010 doesn't match image C:\Users\Enzod\Desktop\Cosmic\Cosmic-SHEEP\Cosmic SHEEP\Cosmic SHEEP\Library\ScriptAssemblies\UnityEngine.UI.dll
Symbol file LoadedFromMemory is not a mono symbol file
Native extension for WindowsStandalone target not found
Native extension for WebGL target not found
Refreshing native plugins compatible for Editor in 0.39 ms, found 2 plugins.
Preloading 0 native plugins for Editor in 0.00 ms.
Mono: successfully reloaded assembly
- Completed reload, in  1.089 seconds
Domain Reload Profiling:
	ReloadAssembly (1090ms)
		BeginReloadAssembly (136ms)
			ExecutionOrderSort (0ms)
			DisableScriptedObjects (6ms)
			BackupInstance (0ms)
			ReleaseScriptingObjects (0ms)
			CreateAndSetChildDomain (33ms)
		EndReloadAssembly (888ms)
			LoadAssemblies (115ms)
			RebuildTransferFunctionScriptingTraits (0ms)
			SetupTypeCache (328ms)
			ReleaseScriptCaches (1ms)
			RebuildScriptCaches (43ms)
			SetupLoadedEditorAssemblies (316ms)
				LogAssemblyErrors (0ms)
				InitializePlatformSupportModulesInManaged (6ms)
				SetLoadedEditorAssemblies (0ms)
				RefreshPlugins (0ms)
				BeforeProcessingInitializeOnLoad (79ms)
				ProcessInitializeOnLoadAttributes (223ms)
				ProcessInitializeOnLoadMethodAttributes (4ms)
				AfterProcessingInitializeOnLoad (3ms)
				EditorAssembliesLoaded (0ms)
			ExecutionOrderSort2 (0ms)
			AwakeInstancesAfterBackupRestoration (8ms)
Platform modules already initialized, skipping
Refreshing native plugins compatible for Editor in 0.48 ms, found 2 plugins.
Preloading 0 native plugins for Editor in 0.00 ms.
Unloading 1559 Unused Serialized files (Serialized files now loaded: 0)
System memory in use before: 158.9 MB.
System memory in use after: 159.0 MB.

Unloading 12 unused Assets to reduce memory usage. Loaded Objects now: 2037.
Total: 3.057300 ms (FindLiveObjects: 0.210800 ms CreateObjectMapping: 0.048000 ms MarkObjects: 2.779300 ms  DeleteObjects: 0.018100 ms)

AssetImportParameters requested are different than current active one (requested -> active):
  custom:framework-win-MediaFoundation: 216162199b28c13a410421893ffa2e32 -> 
  custom:video-decoder-ogg-theora: a1e56fd34408186e4bbccfd4996cb3dc -> 
  custom:container-muxer-webm: aa71ff27fc2769a1b78a27578f13a17b -> 
  custom:container-demuxer-webm: 4f35f7cbe854078d1ac9338744f61a02 -> 
  custom:container-demuxer-ogg: 62fdf1f143b41e24485cea50d1cbac27 -> 
  custom:video-encoder-webm-vp8: eb34c28f22e8b96e1ab97ce403110664 -> 
  custom:video-decoder-webm-vp8: 9c59270c3fd7afecdb556c50c9e8de78 -> 
  custom:audio-decoder-ogg-vorbis: bf7c407c2cedff20999df2af8eb42d56 -> 
  custom:audio-encoder-webm-vorbis: bf7c407c2cedff20999df2af8eb42d56 -> 
========================================================================
Received Import Request.
  Time since last request: 10.649195 seconds.
  path: Assets/Scripts/startBoss.cs
  artifactKey: Guid(bd7ee43f3011b8244ac4e2f615975f7d) Importer(815301076,1909f56bfc062723c751e8b465ee728b)
Start importing Assets/Scripts/startBoss.cs using Guid(bd7ee43f3011b8244ac4e2f615975f7d) Importer(815301076,1909f56bfc062723c751e8b465ee728b)  -> (artifact id: '6448b089eea4e0c711cc5d1fe23f822c') in 0.009569 seconds 
  Import took 0.012195 seconds .

========================================================================
Received Import Request.
  Time since last request: 51.900911 seconds.
  path: Assets/Scripts/startBoss.cs
  artifactKey: Guid(bd7ee43f3011b8244ac4e2f615975f7d) Importer(815301076,1909f56bfc062723c751e8b465ee728b)
Start importing Assets/Scripts/startBoss.cs using Guid(bd7ee43f3011b8244ac4e2f615975f7d) Importer(815301076,1909f56bfc062723c751e8b465ee728b)  -> (artifact id: 'bc3be06c6bea0329dbe2ac101826b499') in 0.005411 seconds 
  Import took 0.008316 seconds .

========================================================================
Received Prepare
Registering precompiled user dll's ...
Registered in 0.008235 seconds.
Begin MonoManager ReloadAssembly
Symbol file data-0000027119838010 doesn't match image C:\Users\Enzod\Desktop\Cosmic\Cosmic-SHEEP\Cosmic SHEEP\Cosmic SHEEP\Library\ScriptAssemblies\Cinemachine.dll
Symbol file LoadedFromMemory is not a mono symbol file
Symbol file data-000002713CA69E50 doesn't match image C:\Users\Enzod\Desktop\Cosmic\Cosmic-SHEEP\Cosmic SHEEP\Cosmic SHEEP\Library\ScriptAssemblies\Unity.VSCode.Editor.dll
Symbol file LoadedFromMemory is not a mono symbol file
Symbol file data-00000271174DC030 doesn't match image C:\Users\Enzod\Desktop\Cosmic\Cosmic-SHEEP\Cosmic SHEEP\Cosmic SHEEP\Library\ScriptAssemblies\com.unity.cinemachine.editor.dll
Symbol file LoadedFromMemory is not a mono symbol file
Symbol file data-000002711BC77020 doesn't match image C:\Users\Enzod\Desktop\Cosmic\Cosmic-SHEEP\Cosmic SHEEP\Cosmic SHEEP\Library\ScriptAssemblies\Unity.TextMeshPro.Editor.dll
Symbol file LoadedFromMemory is not a mono symbol file
Symbol file data-00000270F1690020 doesn't match image C:\Users\Enzod\Desktop\Cosmic\Cosmic-SHEEP\Cosmic SHEEP\Cosmic SHEEP\Library\ScriptAssemblies\Unity.VisualStudio.Editor.dll
Symbol file LoadedFromMemory is not a mono symbol file
Symbol file data-0000027115F68020 doesn't match image C:\Users\Enzod\Desktop\Cosmic\Cosmic-SHEEP\Cosmic SHEEP\Cosmic SHEEP\Library\ScriptAssemblies\UnityEngine.TestRunner.dll
Symbol file LoadedFromMemory is not a mono symbol file
Symbol file data-0000027119CD3AC0 doesn't match image C:\Users\Enzod\Desktop\Cosmic\Cosmic-SHEEP\Cosmic SHEEP\Cosmic SHEEP\Library\ScriptAssemblies\Unity.Timeline.Editor.dll
Symbol file LoadedFromMemory is not a mono symbol file
Symbol file data-0000027115F68020 doesn't match image C:\Users\Enzod\Desktop\Cosmic\Cosmic-SHEEP\Cosmic SHEEP\Cosmic SHEEP\Library\ScriptAssemblies\Unity.Timeline.dll
Symbol file LoadedFromMemory is not a mono symbol file
Symbol file data-000002715E3D7770 doesn't match image C:\Users\Enzod\Desktop\Cosmic\Cosmic-SHEEP\Cosmic SHEEP\Cosmic SHEEP\Library\ScriptAssemblies\Unity.TextMeshPro.dll
Symbol file LoadedFromMemory is not a mono symbol file
Symbol file data-0000027115F68020 doesn't match image C:\Users\Enzod\Desktop\Cosmic\Cosmic-SHEEP\Cosmic SHEEP\Cosmic SHEEP\Library\ScriptAssemblies\Unity.CollabProxy.Editor.dll
Symbol file LoadedFromMemory is not a mono symbol file
Symbol file data-00000270F16EF030 doesn't match image C:\Users\Enzod\Desktop\Cosmic\Cosmic-SHEEP\Cosmic SHEEP\Cosmic SHEEP\Library\ScriptAssemblies\UnityEditor.TestRunner.dll
Symbol file LoadedFromMemory is not a mono symbol file
Symbol file data-00000270F1690020 doesn't match image C:\Users\Enzod\Desktop\Cosmic\Cosmic-SHEEP\Cosmic SHEEP\Cosmic SHEEP\Library\ScriptAssemblies\UnityEditor.UI.dll
Symbol file LoadedFromMemory is not a mono symbol file
Symbol file data-0000027115F24010 doesn't match image C:\Users\Enzod\Desktop\Cosmic\Cosmic-SHEEP\Cosmic SHEEP\Cosmic SHEEP\Library\ScriptAssemblies\Unity.PlasticSCM.Editor.dll
Symbol file LoadedFromMemory is not a mono symbol file
Symbol file data-0000027116A3A010 doesn't match image C:\Users\Enzod\Desktop\Cosmic\Cosmic-SHEEP\Cosmic SHEEP\Cosmic SHEEP\Library\ScriptAssemblies\Unity.Rider.Editor.dll
Symbol file LoadedFromMemory is not a mono symbol file
Symbol file data-000002713CB60190 doesn't match image C:\Users\Enzod\Desktop\Cosmic\Cosmic-SHEEP\Cosmic SHEEP\Cosmic SHEEP\Library\ScriptAssemblies\UnityEngine.UI.dll
Symbol file LoadedFromMemory is not a mono symbol file
Native extension for WindowsStandalone target not found
Native extension for WebGL target not found
Refreshing native plugins compatible for Editor in 0.53 ms, found 2 plugins.
Preloading 0 native plugins for Editor in 0.00 ms.
Mono: successfully reloaded assembly
- Completed reload, in  1.162 seconds
Domain Reload Profiling:
	ReloadAssembly (1162ms)
		BeginReloadAssembly (144ms)
			ExecutionOrderSort (0ms)
			DisableScriptedObjects (5ms)
			BackupInstance (0ms)
			ReleaseScriptingObjects (0ms)
			CreateAndSetChildDomain (36ms)
		EndReloadAssembly (942ms)
			LoadAssemblies (121ms)
			RebuildTransferFunctionScriptingTraits (0ms)
			SetupTypeCache (304ms)
			ReleaseScriptCaches (1ms)
			RebuildScriptCaches (44ms)
			SetupLoadedEditorAssemblies (369ms)
				LogAssemblyErrors (0ms)
				InitializePlatformSupportModulesInManaged (25ms)
				SetLoadedEditorAssemblies (1ms)
				RefreshPlugins (1ms)
				BeforeProcessingInitializeOnLoad (89ms)
				ProcessInitializeOnLoadAttributes (245ms)
				ProcessInitializeOnLoadMethodAttributes (4ms)
				AfterProcessingInitializeOnLoad (3ms)
				EditorAssembliesLoaded (0ms)
			ExecutionOrderSort2 (0ms)
			AwakeInstancesAfterBackupRestoration (8ms)
Platform modules already initialized, skipping
Refreshing native plugins compatible for Editor in 0.46 ms, found 2 plugins.
Preloading 0 native plugins for Editor in 0.00 ms.
Unloading 1559 Unused Serialized files (Serialized files now loaded: 0)
System memory in use before: 158.9 MB.
System memory in use after: 159.0 MB.

Unloading 12 unused Assets to reduce memory usage. Loaded Objects now: 2039.
Total: 3.037200 ms (FindLiveObjects: 0.156800 ms CreateObjectMapping: 0.037400 ms MarkObjects: 2.826200 ms  DeleteObjects: 0.015600 ms)

AssetImportParameters requested are different than current active one (requested -> active):
  custom:framework-win-MediaFoundation: 216162199b28c13a410421893ffa2e32 -> 
  custom:video-decoder-ogg-theora: a1e56fd34408186e4bbccfd4996cb3dc -> 
  custom:container-muxer-webm: aa71ff27fc2769a1b78a27578f13a17b -> 
  custom:container-demuxer-webm: 4f35f7cbe854078d1ac9338744f61a02 -> 
  custom:container-demuxer-ogg: 62fdf1f143b41e24485cea50d1cbac27 -> 
  custom:video-encoder-webm-vp8: eb34c28f22e8b96e1ab97ce403110664 -> 
  custom:video-decoder-webm-vp8: 9c59270c3fd7afecdb556c50c9e8de78 -> 
  custom:audio-decoder-ogg-vorbis: bf7c407c2cedff20999df2af8eb42d56 -> 
  custom:audio-encoder-webm-vorbis: bf7c407c2cedff20999df2af8eb42d56 -> 
========================================================================
Received Import Request.
  Time since last request: 21.955497 seconds.
  path: Assets/Scripts/startBoss.cs
  artifactKey: Guid(bd7ee43f3011b8244ac4e2f615975f7d) Importer(815301076,1909f56bfc062723c751e8b465ee728b)
Start importing Assets/Scripts/startBoss.cs using Guid(bd7ee43f3011b8244ac4e2f615975f7d) Importer(815301076,1909f56bfc062723c751e8b465ee728b)  -> (artifact id: 'd49504d5448fecd35759bc733278bb1b') in 0.009959 seconds 
  Import took 0.012737 seconds .

========================================================================
Received Import Request.
  Time since last request: 0.087243 seconds.
  path: Assets/Scripts/startBoss.cs
  artifactKey: Guid(bd7ee43f3011b8244ac4e2f615975f7d) Importer(815301076,1909f56bfc062723c751e8b465ee728b)
Start importing Assets/Scripts/startBoss.cs using Guid(bd7ee43f3011b8244ac4e2f615975f7d) Importer(815301076,1909f56bfc062723c751e8b465ee728b)  -> (artifact id: 'd49504d5448fecd35759bc733278bb1b') in 0.006105 seconds 
  Import took 0.009901 seconds .

========================================================================
Received Prepare
Registering precompiled user dll's ...
Registered in 0.005787 seconds.
Begin MonoManager ReloadAssembly
Symbol file data-0000027119838010 doesn't match image C:\Users\Enzod\Desktop\Cosmic\Cosmic-SHEEP\Cosmic SHEEP\Cosmic SHEEP\Library\ScriptAssemblies\Cinemachine.dll
Symbol file LoadedFromMemory is not a mono symbol file
Symbol file data-00000271164D0840 doesn't match image C:\Users\Enzod\Desktop\Cosmic\Cosmic-SHEEP\Cosmic SHEEP\Cosmic SHEEP\Library\ScriptAssemblies\Unity.VSCode.Editor.dll
Symbol file LoadedFromMemory is not a mono symbol file
Symbol file data-000002713CA2C030 doesn't match image C:\Users\Enzod\Desktop\Cosmic\Cosmic-SHEEP\Cosmic SHEEP\Cosmic SHEEP\Library\ScriptAssemblies\com.unity.cinemachine.editor.dll
Symbol file LoadedFromMemory is not a mono symbol file
Symbol file data-000002713CA2C030 doesn't match image C:\Users\Enzod\Desktop\Cosmic\Cosmic-SHEEP\Cosmic SHEEP\Cosmic SHEEP\Library\ScriptAssemblies\Unity.TextMeshPro.Editor.dll
Symbol file LoadedFromMemory is not a mono symbol file
Symbol file data-00000270F1690020 doesn't match image C:\Users\Enzod\Desktop\Cosmic\Cosmic-SHEEP\Cosmic SHEEP\Cosmic SHEEP\Library\ScriptAssemblies\Unity.VisualStudio.Editor.dll
Symbol file LoadedFromMemory is not a mono symbol file
Symbol file data-0000027115F68020 doesn't match image C:\Users\Enzod\Desktop\Cosmic\Cosmic-SHEEP\Cosmic SHEEP\Cosmic SHEEP\Library\ScriptAssemblies\UnityEngine.TestRunner.dll
Symbol file LoadedFromMemory is not a mono symbol file
Symbol file data-000002711923EF70 doesn't match image C:\Users\Enzod\Desktop\Cosmic\Cosmic-SHEEP\Cosmic SHEEP\Cosmic SHEEP\Library\ScriptAssemblies\Unity.Timeline.Editor.dll
Symbol file LoadedFromMemory is not a mono symbol file
Symbol file data-0000027115F68020 doesn't match image C:\Users\Enzod\Desktop\Cosmic\Cosmic-SHEEP\Cosmic SHEEP\Cosmic SHEEP\Library\ScriptAssemblies\Unity.Timeline.dll
Symbol file LoadedFromMemory is not a mono symbol file
Symbol file data-000002711590C020 doesn't match image C:\Users\Enzod\Desktop\Cosmic\Cosmic-SHEEP\Cosmic SHEEP\Cosmic SHEEP\Library\ScriptAssemblies\Unity.TextMeshPro.dll
Symbol file LoadedFromMemory is not a mono symbol file
Symbol file data-0000027115F68020 doesn't match image C:\Users\Enzod\Desktop\Cosmic\Cosmic-SHEEP\Cosmic SHEEP\Cosmic SHEEP\Library\ScriptAssemblies\Unity.CollabProxy.Editor.dll
Symbol file LoadedFromMemory is not a mono symbol file
Symbol file data-00000270F16EF030 doesn't match image C:\Users\Enzod\Desktop\Cosmic\Cosmic-SHEEP\Cosmic SHEEP\Cosmic SHEEP\Library\ScriptAssemblies\UnityEditor.TestRunner.dll
Symbol file LoadedFromMemory is not a mono symbol file
Symbol file data-00000270F1690020 doesn't match image C:\Users\Enzod\Desktop\Cosmic\Cosmic-SHEEP\Cosmic SHEEP\Cosmic SHEEP\Library\ScriptAssemblies\UnityEditor.UI.dll
Symbol file LoadedFromMemory is not a mono symbol file
Symbol file data-0000027116262010 doesn't match image C:\Users\Enzod\Desktop\Cosmic\Cosmic-SHEEP\Cosmic SHEEP\Cosmic SHEEP\Library\ScriptAssemblies\Unity.PlasticSCM.Editor.dll
Symbol file LoadedFromMemory is not a mono symbol file
Symbol file data-0000027116A3A010 doesn't match image C:\Users\Enzod\Desktop\Cosmic\Cosmic-SHEEP\Cosmic SHEEP\Cosmic SHEEP\Library\ScriptAssemblies\Unity.Rider.Editor.dll
Symbol file LoadedFromMemory is not a mono symbol file
Symbol file data-000002715FB3B010 doesn't match image C:\Users\Enzod\Desktop\Cosmic\Cosmic-SHEEP\Cosmic SHEEP\Cosmic SHEEP\Library\ScriptAssemblies\UnityEngine.UI.dll
Symbol file LoadedFromMemory is not a mono symbol file
Native extension for WindowsStandalone target not found
Native extension for WebGL target not found
Refreshing native plugins compatible for Editor in 0.38 ms, found 2 plugins.
Preloading 0 native plugins for Editor in 0.00 ms.
Mono: successfully reloaded assembly
- Completed reload, in  1.145 seconds
Domain Reload Profiling:
	ReloadAssembly (1146ms)
		BeginReloadAssembly (147ms)
			ExecutionOrderSort (0ms)
			DisableScriptedObjects (5ms)
			BackupInstance (0ms)
			ReleaseScriptingObjects (0ms)
			CreateAndSetChildDomain (34ms)
		EndReloadAssembly (926ms)
			LoadAssemblies (122ms)
			RebuildTransferFunctionScriptingTraits (0ms)
			SetupTypeCache (306ms)
			ReleaseScriptCaches (1ms)
			RebuildScriptCaches (46ms)
			SetupLoadedEditorAssemblies (362ms)
				LogAssemblyErrors (0ms)
				InitializePlatformSupportModulesInManaged (6ms)
				SetLoadedEditorAssemblies (1ms)
				RefreshPlugins (0ms)
				BeforeProcessingInitializeOnLoad (98ms)
				ProcessInitializeOnLoadAttributes (249ms)
				ProcessInitializeOnLoadMethodAttributes (4ms)
				AfterProcessingInitializeOnLoad (3ms)
				EditorAssembliesLoaded (0ms)
			ExecutionOrderSort2 (0ms)
			AwakeInstancesAfterBackupRestoration (9ms)
Platform modules already initialized, skipping
Refreshing native plugins compatible for Editor in 0.39 ms, found 2 plugins.
Preloading 0 native plugins for Editor in 0.00 ms.
Unloading 1559 Unused Serialized files (Serialized files now loaded: 0)
System memory in use before: 158.9 MB.
System memory in use after: 159.0 MB.

Unloading 12 unused Assets to reduce memory usage. Loaded Objects now: 2041.
Total: 3.088600 ms (FindLiveObjects: 0.159300 ms CreateObjectMapping: 0.037200 ms MarkObjects: 2.872900 ms  DeleteObjects: 0.017900 ms)

AssetImportParameters requested are different than current active one (requested -> active):
  custom:framework-win-MediaFoundation: 216162199b28c13a410421893ffa2e32 -> 
  custom:video-decoder-ogg-theora: a1e56fd34408186e4bbccfd4996cb3dc -> 
  custom:container-muxer-webm: aa71ff27fc2769a1b78a27578f13a17b -> 
  custom:container-demuxer-webm: 4f35f7cbe854078d1ac9338744f61a02 -> 
  custom:container-demuxer-ogg: 62fdf1f143b41e24485cea50d1cbac27 -> 
  custom:video-encoder-webm-vp8: eb34c28f22e8b96e1ab97ce403110664 -> 
  custom:video-decoder-webm-vp8: 9c59270c3fd7afecdb556c50c9e8de78 -> 
  custom:audio-decoder-ogg-vorbis: bf7c407c2cedff20999df2af8eb42d56 -> 
  custom:audio-encoder-webm-vorbis: bf7c407c2cedff20999df2af8eb42d56 -> 
========================================================================
Received Import Request.
  Time since last request: 13.474555 seconds.
  path: Assets/Scripts/startBoss.cs
  artifactKey: Guid(bd7ee43f3011b8244ac4e2f615975f7d) Importer(815301076,1909f56bfc062723c751e8b465ee728b)
Start importing Assets/Scripts/startBoss.cs using Guid(bd7ee43f3011b8244ac4e2f615975f7d) Importer(815301076,1909f56bfc062723c751e8b465ee728b)  -> (artifact id: 'e15ec00c667edc1b7dba5b83f74b28e1') in 0.011208 seconds 
  Import took 0.014447 seconds .

========================================================================
Received Import Request.
  Time since last request: 0.092392 seconds.
  path: Assets/Scripts/startBoss.cs
  artifactKey: Guid(bd7ee43f3011b8244ac4e2f615975f7d) Importer(815301076,1909f56bfc062723c751e8b465ee728b)
Start importing Assets/Scripts/startBoss.cs using Guid(bd7ee43f3011b8244ac4e2f615975f7d) Importer(815301076,1909f56bfc062723c751e8b465ee728b)  -> (artifact id: 'e15ec00c667edc1b7dba5b83f74b28e1') in 0.005949 seconds 
  Import took 0.008907 seconds .

========================================================================
Received Prepare
Registering precompiled user dll's ...
Registered in 0.004758 seconds.
Begin MonoManager ReloadAssembly
Symbol file data-0000027119838010 doesn't match image C:\Users\Enzod\Desktop\Cosmic\Cosmic-SHEEP\Cosmic SHEEP\Cosmic SHEEP\Library\ScriptAssemblies\Cinemachine.dll
Symbol file LoadedFromMemory is not a mono symbol file
Symbol file data-00000271164D0840 doesn't match image C:\Users\Enzod\Desktop\Cosmic\Cosmic-SHEEP\Cosmic SHEEP\Cosmic SHEEP\Library\ScriptAssemblies\Unity.VSCode.Editor.dll
Symbol file LoadedFromMemory is not a mono symbol file
Symbol file data-0000027118E35050 doesn't match image C:\Users\Enzod\Desktop\Cosmic\Cosmic-SHEEP\Cosmic SHEEP\Cosmic SHEEP\Library\ScriptAssemblies\com.unity.cinemachine.editor.dll
Symbol file LoadedFromMemory is not a mono symbol file
Symbol file data-0000027118E35050 doesn't match image C:\Users\Enzod\Desktop\Cosmic\Cosmic-SHEEP\Cosmic SHEEP\Cosmic SHEEP\Library\ScriptAssemblies\Unity.TextMeshPro.Editor.dll
Symbol file LoadedFromMemory is not a mono symbol file
Symbol file data-00000270F1690020 doesn't match image C:\Users\Enzod\Desktop\Cosmic\Cosmic-SHEEP\Cosmic SHEEP\Cosmic SHEEP\Library\ScriptAssemblies\Unity.VisualStudio.Editor.dll
Symbol file LoadedFromMemory is not a mono symbol file
Symbol file data-000002715E874020 doesn't match image C:\Users\Enzod\Desktop\Cosmic\Cosmic-SHEEP\Cosmic SHEEP\Cosmic SHEEP\Library\ScriptAssemblies\UnityEngine.TestRunner.dll
Symbol file LoadedFromMemory is not a mono symbol file
Symbol file data-0000027119DBCE90 doesn't match image C:\Users\Enzod\Desktop\Cosmic\Cosmic-SHEEP\Cosmic SHEEP\Cosmic SHEEP\Library\ScriptAssemblies\Unity.Timeline.Editor.dll
Symbol file LoadedFromMemory is not a mono symbol file
Symbol file data-0000027115F68020 doesn't match image C:\Users\Enzod\Desktop\Cosmic\Cosmic-SHEEP\Cosmic SHEEP\Cosmic SHEEP\Library\ScriptAssemblies\Unity.Timeline.dll
Symbol file LoadedFromMemory is not a mono symbol file
Symbol file data-000002711590C020 doesn't match image C:\Users\Enzod\Desktop\Cosmic\Cosmic-SHEEP\Cosmic SHEEP\Cosmic SHEEP\Library\ScriptAssemblies\Unity.TextMeshPro.dll
Symbol file LoadedFromMemory is not a mono symbol file
Symbol file data-000002715E874020 doesn't match image C:\Users\Enzod\Desktop\Cosmic\Cosmic-SHEEP\Cosmic SHEEP\Cosmic SHEEP\Library\ScriptAssemblies\Unity.CollabProxy.Editor.dll
Symbol file LoadedFromMemory is not a mono symbol file
Symbol file data-00000270F16EF030 doesn't match image C:\Users\Enzod\Desktop\Cosmic\Cosmic-SHEEP\Cosmic SHEEP\Cosmic SHEEP\Library\ScriptAssemblies\UnityEditor.TestRunner.dll
Symbol file LoadedFromMemory is not a mono symbol file
Symbol file data-00000270F1690020 doesn't match image C:\Users\Enzod\Desktop\Cosmic\Cosmic-SHEEP\Cosmic SHEEP\Cosmic SHEEP\Library\ScriptAssemblies\UnityEditor.UI.dll
Symbol file LoadedFromMemory is not a mono symbol file
Symbol file data-000002711923EF70 doesn't match image C:\Users\Enzod\Desktop\Cosmic\Cosmic-SHEEP\Cosmic SHEEP\Cosmic SHEEP\Library\ScriptAssemblies\Unity.PlasticSCM.Editor.dll
Symbol file LoadedFromMemory is not a mono symbol file
Symbol file data-00000270F14E2020 doesn't match image C:\Users\Enzod\Desktop\Cosmic\Cosmic-SHEEP\Cosmic SHEEP\Cosmic SHEEP\Library\ScriptAssemblies\Unity.Rider.Editor.dll
Symbol file LoadedFromMemory is not a mono symbol file
Symbol file data-0000027118D85020 doesn't match image C:\Users\Enzod\Desktop\Cosmic\Cosmic-SHEEP\Cosmic SHEEP\Cosmic SHEEP\Library\ScriptAssemblies\UnityEngine.UI.dll
Symbol file LoadedFromMemory is not a mono symbol file
Native extension for WindowsStandalone target not found
Native extension for WebGL target not found
Refreshing native plugins compatible for Editor in 0.43 ms, found 2 plugins.
Preloading 0 native plugins for Editor in 0.00 ms.
Mono: successfully reloaded assembly
- Completed reload, in  1.199 seconds
Domain Reload Profiling:
	ReloadAssembly (1200ms)
		BeginReloadAssembly (141ms)
			ExecutionOrderSort (0ms)
			DisableScriptedObjects (5ms)
			BackupInstance (0ms)
			ReleaseScriptingObjects (0ms)
			CreateAndSetChildDomain (39ms)
		EndReloadAssembly (985ms)
			LoadAssemblies (126ms)
			RebuildTransferFunctionScriptingTraits (0ms)
			SetupTypeCache (315ms)
			ReleaseScriptCaches (1ms)
			RebuildScriptCaches (49ms)
			SetupLoadedEditorAssemblies (400ms)
				LogAssemblyErrors (0ms)
				InitializePlatformSupportModulesInManaged (7ms)
				SetLoadedEditorAssemblies (1ms)
				RefreshPlugins (1ms)
				BeforeProcessingInitializeOnLoad (100ms)
				ProcessInitializeOnLoadAttributes (285ms)
				ProcessInitializeOnLoadMethodAttributes (4ms)
				AfterProcessingInitializeOnLoad (3ms)
				EditorAssembliesLoaded (0ms)
			ExecutionOrderSort2 (0ms)
			AwakeInstancesAfterBackupRestoration (8ms)
Platform modules already initialized, skipping
Refreshing native plugins compatible for Editor in 0.40 ms, found 2 plugins.
Preloading 0 native plugins for Editor in 0.00 ms.
Unloading 1559 Unused Serialized files (Serialized files now loaded: 0)
System memory in use before: 158.9 MB.
System memory in use after: 159.0 MB.

Unloading 12 unused Assets to reduce memory usage. Loaded Objects now: 2043.
Total: 2.889100 ms (FindLiveObjects: 0.165400 ms CreateObjectMapping: 0.037800 ms MarkObjects: 2.669800 ms  DeleteObjects: 0.015000 ms)

AssetImportParameters requested are different than current active one (requested -> active):
  custom:framework-win-MediaFoundation: 216162199b28c13a410421893ffa2e32 -> 
  custom:video-decoder-ogg-theora: a1e56fd34408186e4bbccfd4996cb3dc -> 
  custom:container-muxer-webm: aa71ff27fc2769a1b78a27578f13a17b -> 
  custom:container-demuxer-webm: 4f35f7cbe854078d1ac9338744f61a02 -> 
  custom:container-demuxer-ogg: 62fdf1f143b41e24485cea50d1cbac27 -> 
  custom:video-encoder-webm-vp8: eb34c28f22e8b96e1ab97ce403110664 -> 
  custom:video-decoder-webm-vp8: 9c59270c3fd7afecdb556c50c9e8de78 -> 
  custom:audio-decoder-ogg-vorbis: bf7c407c2cedff20999df2af8eb42d56 -> 
  custom:audio-encoder-webm-vorbis: bf7c407c2cedff20999df2af8eb42d56 -> 
========================================================================
Received Prepare
Registering precompiled user dll's ...
Registered in 0.004493 seconds.
Begin MonoManager ReloadAssembly
Symbol file data-0000027119838010 doesn't match image C:\Users\Enzod\Desktop\Cosmic\Cosmic-SHEEP\Cosmic SHEEP\Cosmic SHEEP\Library\ScriptAssemblies\Cinemachine.dll
Symbol file LoadedFromMemory is not a mono symbol file
Symbol file data-000002711586DEA0 doesn't match image C:\Users\Enzod\Desktop\Cosmic\Cosmic-SHEEP\Cosmic SHEEP\Cosmic SHEEP\Library\ScriptAssemblies\Unity.VSCode.Editor.dll
Symbol file LoadedFromMemory is not a mono symbol file
Symbol file data-000002711925EF80 doesn't match image C:\Users\Enzod\Desktop\Cosmic\Cosmic-SHEEP\Cosmic SHEEP\Cosmic SHEEP\Library\ScriptAssemblies\com.unity.cinemachine.editor.dll
Symbol file LoadedFromMemory is not a mono symbol file
Symbol file data-000002711925EF80 doesn't match image C:\Users\Enzod\Desktop\Cosmic\Cosmic-SHEEP\Cosmic SHEEP\Cosmic SHEEP\Library\ScriptAssemblies\Unity.TextMeshPro.Editor.dll
Symbol file LoadedFromMemory is not a mono symbol file
Symbol file data-00000270F1690020 doesn't match image C:\Users\Enzod\Desktop\Cosmic\Cosmic-SHEEP\Cosmic SHEEP\Cosmic SHEEP\Library\ScriptAssemblies\Unity.VisualStudio.Editor.dll
Symbol file LoadedFromMemory is not a mono symbol file
Symbol file data-000002715E874020 doesn't match image C:\Users\Enzod\Desktop\Cosmic\Cosmic-SHEEP\Cosmic SHEEP\Cosmic SHEEP\Library\ScriptAssemblies\UnityEngine.TestRunner.dll
Symbol file LoadedFromMemory is not a mono symbol file
Symbol file data-000002713C9200E0 doesn't match image C:\Users\Enzod\Desktop\Cosmic\Cosmic-SHEEP\Cosmic SHEEP\Cosmic SHEEP\Library\ScriptAssemblies\Unity.Timeline.Editor.dll
Symbol file LoadedFromMemory is not a mono symbol file
Symbol file data-000002711925EF80 doesn't match image C:\Users\Enzod\Desktop\Cosmic\Cosmic-SHEEP\Cosmic SHEEP\Cosmic SHEEP\Library\ScriptAssemblies\Unity.Timeline.dll
Symbol file LoadedFromMemory is not a mono symbol file
Symbol file data-000002711590C020 doesn't match image C:\Users\Enzod\Desktop\Cosmic\Cosmic-SHEEP\Cosmic SHEEP\Cosmic SHEEP\Library\ScriptAssemblies\Unity.TextMeshPro.dll
Symbol file LoadedFromMemory is not a mono symbol file
Symbol file data-000002715E874020 doesn't match image C:\Users\Enzod\Desktop\Cosmic\Cosmic-SHEEP\Cosmic SHEEP\Cosmic SHEEP\Library\ScriptAssemblies\Unity.CollabProxy.Editor.dll
Symbol file LoadedFromMemory is not a mono symbol file
Symbol file data-00000270F16EF030 doesn't match image C:\Users\Enzod\Desktop\Cosmic\Cosmic-SHEEP\Cosmic SHEEP\Cosmic SHEEP\Library\ScriptAssemblies\UnityEditor.TestRunner.dll
Symbol file LoadedFromMemory is not a mono symbol file
Symbol file data-00000270F1690020 doesn't match image C:\Users\Enzod\Desktop\Cosmic\Cosmic-SHEEP\Cosmic SHEEP\Cosmic SHEEP\Library\ScriptAssemblies\UnityEditor.UI.dll
Symbol file LoadedFromMemory is not a mono symbol file
Symbol file data-0000027116262010 doesn't match image C:\Users\Enzod\Desktop\Cosmic\Cosmic-SHEEP\Cosmic SHEEP\Cosmic SHEEP\Library\ScriptAssemblies\Unity.PlasticSCM.Editor.dll
Symbol file LoadedFromMemory is not a mono symbol file
Symbol file data-0000027116A3A010 doesn't match image C:\Users\Enzod\Desktop\Cosmic\Cosmic-SHEEP\Cosmic SHEEP\Cosmic SHEEP\Library\ScriptAssemblies\Unity.Rider.Editor.dll
Symbol file LoadedFromMemory is not a mono symbol file
Symbol file data-00000271190EB030 doesn't match image C:\Users\Enzod\Desktop\Cosmic\Cosmic-SHEEP\Cosmic SHEEP\Cosmic SHEEP\Library\ScriptAssemblies\UnityEngine.UI.dll
Symbol file LoadedFromMemory is not a mono symbol file
Native extension for WindowsStandalone target not found
Native extension for WebGL target not found
Refreshing native plugins compatible for Editor in 0.38 ms, found 2 plugins.
Preloading 0 native plugins for Editor in 0.00 ms.
Mono: successfully reloaded assembly
- Completed reload, in  1.108 seconds
Domain Reload Profiling:
	ReloadAssembly (1109ms)
		BeginReloadAssembly (129ms)
			ExecutionOrderSort (0ms)
			DisableScriptedObjects (5ms)
			BackupInstance (0ms)
			ReleaseScriptingObjects (0ms)
			CreateAndSetChildDomain (29ms)
		EndReloadAssembly (910ms)
			LoadAssemblies (115ms)
			RebuildTransferFunctionScriptingTraits (0ms)
			SetupTypeCache (343ms)
			ReleaseScriptCaches (1ms)
			RebuildScriptCaches (44ms)
			SetupLoadedEditorAssemblies (313ms)
				LogAssemblyErrors (0ms)
				InitializePlatformSupportModulesInManaged (6ms)
				SetLoadedEditorAssemblies (0ms)
				RefreshPlugins (0ms)
				BeforeProcessingInitializeOnLoad (77ms)
				ProcessInitializeOnLoadAttributes (221ms)
				ProcessInitializeOnLoadMethodAttributes (4ms)
				AfterProcessingInitializeOnLoad (3ms)
				EditorAssembliesLoaded (0ms)
			ExecutionOrderSort2 (0ms)
			AwakeInstancesAfterBackupRestoration (8ms)
Platform modules already initialized, skipping
Refreshing native plugins compatible for Editor in 0.42 ms, found 2 plugins.
Preloading 0 native plugins for Editor in 0.00 ms.
Unloading 1559 Unused Serialized files (Serialized files now loaded: 0)
System memory in use before: 158.9 MB.
System memory in use after: 159.1 MB.

Unloading 12 unused Assets to reduce memory usage. Loaded Objects now: 2045.
Total: 4.327600 ms (FindLiveObjects: 0.270800 ms CreateObjectMapping: 0.056700 ms MarkObjects: 3.977100 ms  DeleteObjects: 0.021500 ms)

AssetImportParameters requested are different than current active one (requested -> active):
  custom:framework-win-MediaFoundation: 216162199b28c13a410421893ffa2e32 -> 
  custom:video-decoder-ogg-theora: a1e56fd34408186e4bbccfd4996cb3dc -> 
  custom:container-muxer-webm: aa71ff27fc2769a1b78a27578f13a17b -> 
  custom:container-demuxer-webm: 4f35f7cbe854078d1ac9338744f61a02 -> 
  custom:container-demuxer-ogg: 62fdf1f143b41e24485cea50d1cbac27 -> 
  custom:video-encoder-webm-vp8: eb34c28f22e8b96e1ab97ce403110664 -> 
  custom:video-decoder-webm-vp8: 9c59270c3fd7afecdb556c50c9e8de78 -> 
  custom:audio-decoder-ogg-vorbis: bf7c407c2cedff20999df2af8eb42d56 -> 
  custom:audio-encoder-webm-vorbis: bf7c407c2cedff20999df2af8eb42d56 -> 
========================================================================
Received Prepare
Registering precompiled user dll's ...
Registered in 0.004121 seconds.
Begin MonoManager ReloadAssembly
Symbol file data-0000027119838010 doesn't match image C:\Users\Enzod\Desktop\Cosmic\Cosmic-SHEEP\Cosmic SHEEP\Cosmic SHEEP\Library\ScriptAssemblies\Cinemachine.dll
Symbol file LoadedFromMemory is not a mono symbol file
Symbol file data-0000027161783420 doesn't match image C:\Users\Enzod\Desktop\Cosmic\Cosmic-SHEEP\Cosmic SHEEP\Cosmic SHEEP\Library\ScriptAssemblies\Unity.VSCode.Editor.dll
Symbol file LoadedFromMemory is not a mono symbol file
Symbol file data-000002713CA2C030 doesn't match image C:\Users\Enzod\Desktop\Cosmic\Cosmic-SHEEP\Cosmic SHEEP\Cosmic SHEEP\Library\ScriptAssemblies\com.unity.cinemachine.editor.dll
Symbol file LoadedFromMemory is not a mono symbol file
Symbol file data-000002715FF734B0 doesn't match image C:\Users\Enzod\Desktop\Cosmic\Cosmic-SHEEP\Cosmic SHEEP\Cosmic SHEEP\Library\ScriptAssemblies\Unity.TextMeshPro.Editor.dll
Symbol file LoadedFromMemory is not a mono symbol file
Symbol file data-00000270F1690020 doesn't match image C:\Users\Enzod\Desktop\Cosmic\Cosmic-SHEEP\Cosmic SHEEP\Cosmic SHEEP\Library\ScriptAssemblies\Unity.VisualStudio.Editor.dll
Symbol file LoadedFromMemory is not a mono symbol file
Symbol file data-000002715E874020 doesn't match image C:\Users\Enzod\Desktop\Cosmic\Cosmic-SHEEP\Cosmic SHEEP\Cosmic SHEEP\Library\ScriptAssemblies\UnityEngine.TestRunner.dll
Symbol file LoadedFromMemory is not a mono symbol file
Symbol file data-0000027163251080 doesn't match image C:\Users\Enzod\Desktop\Cosmic\Cosmic-SHEEP\Cosmic SHEEP\Cosmic SHEEP\Library\ScriptAssemblies\Unity.Timeline.Editor.dll
Symbol file LoadedFromMemory is not a mono symbol file
Symbol file data-000002713CA2C030 doesn't match image C:\Users\Enzod\Desktop\Cosmic\Cosmic-SHEEP\Cosmic SHEEP\Cosmic SHEEP\Library\ScriptAssemblies\Unity.Timeline.dll
Symbol file LoadedFromMemory is not a mono symbol file
Symbol file data-000002711590C020 doesn't match image C:\Users\Enzod\Desktop\Cosmic\Cosmic-SHEEP\Cosmic SHEEP\Cosmic SHEEP\Library\ScriptAssemblies\Unity.TextMeshPro.dll
Symbol file LoadedFromMemory is not a mono symbol file
Symbol file data-000002715E874020 doesn't match image C:\Users\Enzod\Desktop\Cosmic\Cosmic-SHEEP\Cosmic SHEEP\Cosmic SHEEP\Library\ScriptAssemblies\Unity.CollabProxy.Editor.dll
Symbol file LoadedFromMemory is not a mono symbol file
Symbol file data-000002715E789FA0 doesn't match image C:\Users\Enzod\Desktop\Cosmic\Cosmic-SHEEP\Cosmic SHEEP\Cosmic SHEEP\Library\ScriptAssemblies\UnityEditor.TestRunner.dll
Symbol file LoadedFromMemory is not a mono symbol file
Symbol file data-00000270F1690020 doesn't match image C:\Users\Enzod\Desktop\Cosmic\Cosmic-SHEEP\Cosmic SHEEP\Cosmic SHEEP\Library\ScriptAssemblies\UnityEditor.UI.dll
Symbol file LoadedFromMemory is not a mono symbol file
Symbol file data-0000027116262010 doesn't match image C:\Users\Enzod\Desktop\Cosmic\Cosmic-SHEEP\Cosmic SHEEP\Cosmic SHEEP\Library\ScriptAssemblies\Unity.PlasticSCM.Editor.dll
Symbol file LoadedFromMemory is not a mono symbol file
Symbol file data-00000270F14E2020 doesn't match image C:\Users\Enzod\Desktop\Cosmic\Cosmic-SHEEP\Cosmic SHEEP\Cosmic SHEEP\Library\ScriptAssemblies\Unity.Rider.Editor.dll
Symbol file LoadedFromMemory is not a mono symbol file
Symbol file data-00000271190EB030 doesn't match image C:\Users\Enzod\Desktop\Cosmic\Cosmic-SHEEP\Cosmic SHEEP\Cosmic SHEEP\Library\ScriptAssemblies\UnityEngine.UI.dll
Symbol file LoadedFromMemory is not a mono symbol file
Native extension for WindowsStandalone target not found
Native extension for WebGL target not found
Refreshing native plugins compatible for Editor in 0.41 ms, found 2 plugins.
Preloading 0 native plugins for Editor in 0.00 ms.
Mono: successfully reloaded assembly
- Completed reload, in  1.120 seconds
Domain Reload Profiling:
	ReloadAssembly (1120ms)
		BeginReloadAssembly (147ms)
			ExecutionOrderSort (0ms)
			DisableScriptedObjects (5ms)
			BackupInstance (0ms)
			ReleaseScriptingObjects (0ms)
			CreateAndSetChildDomain (31ms)
		EndReloadAssembly (904ms)
			LoadAssemblies (117ms)
			RebuildTransferFunctionScriptingTraits (0ms)
			SetupTypeCache (297ms)
			ReleaseScriptCaches (1ms)
			RebuildScriptCaches (46ms)
			SetupLoadedEditorAssemblies (326ms)
				LogAssemblyErrors (0ms)
				InitializePlatformSupportModulesInManaged (6ms)
				SetLoadedEditorAssemblies (1ms)
				RefreshPlugins (1ms)
				BeforeProcessingInitializeOnLoad (87ms)
				ProcessInitializeOnLoadAttributes (225ms)
				ProcessInitializeOnLoadMethodAttributes (4ms)
				AfterProcessingInitializeOnLoad (3ms)
				EditorAssembliesLoaded (0ms)
			ExecutionOrderSort2 (0ms)
			AwakeInstancesAfterBackupRestoration (8ms)
Platform modules already initialized, skipping
Refreshing native plugins compatible for Editor in 0.41 ms, found 2 plugins.
Preloading 0 native plugins for Editor in 0.00 ms.
Unloading 1559 Unused Serialized files (Serialized files now loaded: 0)
System memory in use before: 159.0 MB.
System memory in use after: 159.1 MB.

Unloading 12 unused Assets to reduce memory usage. Loaded Objects now: 2047.
Total: 3.030600 ms (FindLiveObjects: 0.175000 ms CreateObjectMapping: 0.037400 ms MarkObjects: 2.799000 ms  DeleteObjects: 0.017900 ms)

AssetImportParameters requested are different than current active one (requested -> active):
  custom:framework-win-MediaFoundation: 216162199b28c13a410421893ffa2e32 -> 
  custom:video-decoder-ogg-theora: a1e56fd34408186e4bbccfd4996cb3dc -> 
  custom:container-muxer-webm: aa71ff27fc2769a1b78a27578f13a17b -> 
  custom:container-demuxer-webm: 4f35f7cbe854078d1ac9338744f61a02 -> 
  custom:container-demuxer-ogg: 62fdf1f143b41e24485cea50d1cbac27 -> 
  custom:video-encoder-webm-vp8: eb34c28f22e8b96e1ab97ce403110664 -> 
  custom:video-decoder-webm-vp8: 9c59270c3fd7afecdb556c50c9e8de78 -> 
  custom:audio-decoder-ogg-vorbis: bf7c407c2cedff20999df2af8eb42d56 -> 
  custom:audio-encoder-webm-vorbis: bf7c407c2cedff20999df2af8eb42d56 -> 
========================================================================
Received Prepare
Registering precompiled user dll's ...
Registered in 0.005593 seconds.
Begin MonoManager ReloadAssembly
Symbol file data-0000027119838010 doesn't match image C:\Users\Enzod\Desktop\Cosmic\Cosmic-SHEEP\Cosmic SHEEP\Cosmic SHEEP\Library\ScriptAssemblies\Cinemachine.dll
Symbol file LoadedFromMemory is not a mono symbol file
Symbol file data-000002715E87DE50 doesn't match image C:\Users\Enzod\Desktop\Cosmic\Cosmic-SHEEP\Cosmic SHEEP\Cosmic SHEEP\Library\ScriptAssemblies\Unity.VSCode.Editor.dll
Symbol file LoadedFromMemory is not a mono symbol file
Symbol file data-000002711926EF90 doesn't match image C:\Users\Enzod\Desktop\Cosmic\Cosmic-SHEEP\Cosmic SHEEP\Cosmic SHEEP\Library\ScriptAssemblies\com.unity.cinemachine.editor.dll
Symbol file LoadedFromMemory is not a mono symbol file
Symbol file data-000002711926EF90 doesn't match image C:\Users\Enzod\Desktop\Cosmic\Cosmic-SHEEP\Cosmic SHEEP\Cosmic SHEEP\Library\ScriptAssemblies\Unity.TextMeshPro.Editor.dll
Symbol file LoadedFromMemory is not a mono symbol file
Symbol file data-00000270F1690020 doesn't match image C:\Users\Enzod\Desktop\Cosmic\Cosmic-SHEEP\Cosmic SHEEP\Cosmic SHEEP\Library\ScriptAssemblies\Unity.VisualStudio.Editor.dll
Symbol file LoadedFromMemory is not a mono symbol file
Symbol file data-0000027115F68020 doesn't match image C:\Users\Enzod\Desktop\Cosmic\Cosmic-SHEEP\Cosmic SHEEP\Cosmic SHEEP\Library\ScriptAssemblies\UnityEngine.TestRunner.dll
Symbol file LoadedFromMemory is not a mono symbol file
Symbol file data-00000271619D6010 doesn't match image C:\Users\Enzod\Desktop\Cosmic\Cosmic-SHEEP\Cosmic SHEEP\Cosmic SHEEP\Library\ScriptAssemblies\Unity.Timeline.Editor.dll
Symbol file LoadedFromMemory is not a mono symbol file
Symbol file data-000002711926EF90 doesn't match image C:\Users\Enzod\Desktop\Cosmic\Cosmic-SHEEP\Cosmic SHEEP\Cosmic SHEEP\Library\ScriptAssemblies\Unity.Timeline.dll
Symbol file LoadedFromMemory is not a mono symbol file
Symbol file data-000002711590C020 doesn't match image C:\Users\Enzod\Desktop\Cosmic\Cosmic-SHEEP\Cosmic SHEEP\Cosmic SHEEP\Library\ScriptAssemblies\Unity.TextMeshPro.dll
Symbol file LoadedFromMemory is not a mono symbol file
Symbol file data-0000027115F68020 doesn't match image C:\Users\Enzod\Desktop\Cosmic\Cosmic-SHEEP\Cosmic SHEEP\Cosmic SHEEP\Library\ScriptAssemblies\Unity.CollabProxy.Editor.dll
Symbol file LoadedFromMemory is not a mono symbol file
Symbol file data-00000270F16EF030 doesn't match image C:\Users\Enzod\Desktop\Cosmic\Cosmic-SHEEP\Cosmic SHEEP\Cosmic SHEEP\Library\ScriptAssemblies\UnityEditor.TestRunner.dll
Symbol file LoadedFromMemory is not a mono symbol file
Symbol file data-00000270F1690020 doesn't match image C:\Users\Enzod\Desktop\Cosmic\Cosmic-SHEEP\Cosmic SHEEP\Cosmic SHEEP\Library\ScriptAssemblies\UnityEditor.UI.dll
Symbol file LoadedFromMemory is not a mono symbol file
Symbol file data-0000027116262010 doesn't match image C:\Users\Enzod\Desktop\Cosmic\Cosmic-SHEEP\Cosmic SHEEP\Cosmic SHEEP\Library\ScriptAssemblies\Unity.PlasticSCM.Editor.dll
Symbol file LoadedFromMemory is not a mono symbol file
Symbol file data-000002713CA60020 doesn't match image C:\Users\Enzod\Desktop\Cosmic\Cosmic-SHEEP\Cosmic SHEEP\Cosmic SHEEP\Library\ScriptAssemblies\Unity.Rider.Editor.dll
Symbol file LoadedFromMemory is not a mono symbol file
Symbol file data-000002715E525040 doesn't match image C:\Users\Enzod\Desktop\Cosmic\Cosmic-SHEEP\Cosmic SHEEP\Cosmic SHEEP\Library\ScriptAssemblies\UnityEngine.UI.dll
Symbol file LoadedFromMemory is not a mono symbol file
Native extension for WindowsStandalone target not found
Native extension for WebGL target not found
Refreshing native plugins compatible for Editor in 0.58 ms, found 2 plugins.
Preloading 0 native plugins for Editor in 0.00 ms.
Mono: successfully reloaded assembly
- Completed reload, in  1.136 seconds
Domain Reload Profiling:
	ReloadAssembly (1137ms)
		BeginReloadAssembly (146ms)
			ExecutionOrderSort (0ms)
			DisableScriptedObjects (6ms)
			BackupInstance (0ms)
			ReleaseScriptingObjects (0ms)
			CreateAndSetChildDomain (32ms)
		EndReloadAssembly (922ms)
			LoadAssemblies (126ms)
			RebuildTransferFunctionScriptingTraits (0ms)
			SetupTypeCache (305ms)
			ReleaseScriptCaches (1ms)
			RebuildScriptCaches (46ms)
			SetupLoadedEditorAssemblies (351ms)
				LogAssemblyErrors (0ms)
				InitializePlatformSupportModulesInManaged (8ms)
				SetLoadedEditorAssemblies (1ms)
				RefreshPlugins (1ms)
				BeforeProcessingInitializeOnLoad (99ms)
				ProcessInitializeOnLoadAttributes (235ms)
				ProcessInitializeOnLoadMethodAttributes (4ms)
				AfterProcessingInitializeOnLoad (3ms)
				EditorAssembliesLoaded (0ms)
			ExecutionOrderSort2 (0ms)
			AwakeInstancesAfterBackupRestoration (8ms)
Platform modules already initialized, skipping
Refreshing native plugins compatible for Editor in 0.39 ms, found 2 plugins.
Preloading 0 native plugins for Editor in 0.00 ms.
Unloading 1559 Unused Serialized files (Serialized files now loaded: 0)
System memory in use before: 159.0 MB.
System memory in use after: 159.1 MB.

Unloading 12 unused Assets to reduce memory usage. Loaded Objects now: 2049.
Total: 3.510800 ms (FindLiveObjects: 0.244100 ms CreateObjectMapping: 0.043500 ms MarkObjects: 3.203300 ms  DeleteObjects: 0.018400 ms)

AssetImportParameters requested are different than current active one (requested -> active):
  custom:framework-win-MediaFoundation: 216162199b28c13a410421893ffa2e32 -> 
  custom:video-decoder-ogg-theora: a1e56fd34408186e4bbccfd4996cb3dc -> 
  custom:container-muxer-webm: aa71ff27fc2769a1b78a27578f13a17b -> 
  custom:container-demuxer-webm: 4f35f7cbe854078d1ac9338744f61a02 -> 
  custom:container-demuxer-ogg: 62fdf1f143b41e24485cea50d1cbac27 -> 
  custom:video-encoder-webm-vp8: eb34c28f22e8b96e1ab97ce403110664 -> 
  custom:video-decoder-webm-vp8: 9c59270c3fd7afecdb556c50c9e8de78 -> 
  custom:audio-decoder-ogg-vorbis: bf7c407c2cedff20999df2af8eb42d56 -> 
  custom:audio-encoder-webm-vorbis: bf7c407c2cedff20999df2af8eb42d56 -> 
========================================================================
Received Prepare
Registering precompiled user dll's ...
Registered in 0.003996 seconds.
Begin MonoManager ReloadAssembly
Symbol file data-0000027119838010 doesn't match image C:\Users\Enzod\Desktop\Cosmic\Cosmic-SHEEP\Cosmic SHEEP\Cosmic SHEEP\Library\ScriptAssemblies\Cinemachine.dll
Symbol file LoadedFromMemory is not a mono symbol file
Symbol file data-00000271676B5910 doesn't match image C:\Users\Enzod\Desktop\Cosmic\Cosmic-SHEEP\Cosmic SHEEP\Cosmic SHEEP\Library\ScriptAssemblies\Unity.VSCode.Editor.dll
Symbol file LoadedFromMemory is not a mono symbol file
Symbol file data-000002711926EF90 doesn't match image C:\Users\Enzod\Desktop\Cosmic\Cosmic-SHEEP\Cosmic SHEEP\Cosmic SHEEP\Library\ScriptAssemblies\com.unity.cinemachine.editor.dll
Symbol file LoadedFromMemory is not a mono symbol file
Symbol file data-000002711926EF90 doesn't match image C:\Users\Enzod\Desktop\Cosmic\Cosmic-SHEEP\Cosmic SHEEP\Cosmic SHEEP\Library\ScriptAssemblies\Unity.TextMeshPro.Editor.dll
Symbol file LoadedFromMemory is not a mono symbol file
Symbol file data-00000270F1690020 doesn't match image C:\Users\Enzod\Desktop\Cosmic\Cosmic-SHEEP\Cosmic SHEEP\Cosmic SHEEP\Library\ScriptAssemblies\Unity.VisualStudio.Editor.dll
Symbol file LoadedFromMemory is not a mono symbol file
Symbol file data-0000027115F68020 doesn't match image C:\Users\Enzod\Desktop\Cosmic\Cosmic-SHEEP\Cosmic SHEEP\Cosmic SHEEP\Library\ScriptAssemblies\UnityEngine.TestRunner.dll
Symbol file LoadedFromMemory is not a mono symbol file
Symbol file data-00000271619D6010 doesn't match image C:\Users\Enzod\Desktop\Cosmic\Cosmic-SHEEP\Cosmic SHEEP\Cosmic SHEEP\Library\ScriptAssemblies\Unity.Timeline.Editor.dll
Symbol file LoadedFromMemory is not a mono symbol file
Symbol file data-000002711926EF90 doesn't match image C:\Users\Enzod\Desktop\Cosmic\Cosmic-SHEEP\Cosmic SHEEP\Cosmic SHEEP\Library\ScriptAssemblies\Unity.Timeline.dll
Symbol file LoadedFromMemory is not a mono symbol file
Symbol file data-0000027160123010 doesn't match image C:\Users\Enzod\Desktop\Cosmic\Cosmic-SHEEP\Cosmic SHEEP\Cosmic SHEEP\Library\ScriptAssemblies\Unity.TextMeshPro.dll
Symbol file LoadedFromMemory is not a mono symbol file
Symbol file data-0000027115F68020 doesn't match image C:\Users\Enzod\Desktop\Cosmic\Cosmic-SHEEP\Cosmic SHEEP\Cosmic SHEEP\Library\ScriptAssemblies\Unity.CollabProxy.Editor.dll
Symbol file LoadedFromMemory is not a mono symbol file
Symbol file data-00000270F16EF030 doesn't match image C:\Users\Enzod\Desktop\Cosmic\Cosmic-SHEEP\Cosmic SHEEP\Cosmic SHEEP\Library\ScriptAssemblies\UnityEditor.TestRunner.dll
Symbol file LoadedFromMemory is not a mono symbol file
Symbol file data-00000270F1690020 doesn't match image C:\Users\Enzod\Desktop\Cosmic\Cosmic-SHEEP\Cosmic SHEEP\Cosmic SHEEP\Library\ScriptAssemblies\UnityEditor.UI.dll
Symbol file LoadedFromMemory is not a mono symbol file
Symbol file data-0000027160123010 doesn't match image C:\Users\Enzod\Desktop\Cosmic\Cosmic-SHEEP\Cosmic SHEEP\Cosmic SHEEP\Library\ScriptAssemblies\Unity.PlasticSCM.Editor.dll
Symbol file LoadedFromMemory is not a mono symbol file
Symbol file data-00000270F110E0F0 doesn't match image C:\Users\Enzod\Desktop\Cosmic\Cosmic-SHEEP\Cosmic SHEEP\Cosmic SHEEP\Library\ScriptAssemblies\Unity.Rider.Editor.dll
Symbol file LoadedFromMemory is not a mono symbol file
Symbol file data-000002713CA80020 doesn't match image C:\Users\Enzod\Desktop\Cosmic\Cosmic-SHEEP\Cosmic SHEEP\Cosmic SHEEP\Library\ScriptAssemblies\UnityEngine.UI.dll
Symbol file LoadedFromMemory is not a mono symbol file
Native extension for WindowsStandalone target not found
Native extension for WebGL target not found
Refreshing native plugins compatible for Editor in 0.50 ms, found 2 plugins.
Preloading 0 native plugins for Editor in 0.00 ms.
Mono: successfully reloaded assembly
- Completed reload, in  1.124 seconds
Domain Reload Profiling:
	ReloadAssembly (1124ms)
		BeginReloadAssembly (132ms)
			ExecutionOrderSort (0ms)
			DisableScriptedObjects (5ms)
			BackupInstance (0ms)
			ReleaseScriptingObjects (0ms)
			CreateAndSetChildDomain (31ms)
		EndReloadAssembly (918ms)
			LoadAssemblies (119ms)
			RebuildTransferFunctionScriptingTraits (0ms)
			SetupTypeCache (301ms)
			ReleaseScriptCaches (1ms)
			RebuildScriptCaches (51ms)
			SetupLoadedEditorAssemblies (333ms)
				LogAssemblyErrors (0ms)
				InitializePlatformSupportModulesInManaged (8ms)
				SetLoadedEditorAssemblies (1ms)
				RefreshPlugins (1ms)
				BeforeProcessingInitializeOnLoad (89ms)
				ProcessInitializeOnLoadAttributes (227ms)
				ProcessInitializeOnLoadMethodAttributes (4ms)
				AfterProcessingInitializeOnLoad (3ms)
				EditorAssembliesLoaded (0ms)
			ExecutionOrderSort2 (0ms)
			AwakeInstancesAfterBackupRestoration (8ms)
Platform modules already initialized, skipping
Refreshing native plugins compatible for Editor in 0.38 ms, found 2 plugins.
Preloading 0 native plugins for Editor in 0.00 ms.
Unloading 1559 Unused Serialized files (Serialized files now loaded: 0)
System memory in use before: 159.0 MB.
System memory in use after: 159.1 MB.

Unloading 12 unused Assets to reduce memory usage. Loaded Objects now: 2051.
Total: 3.573300 ms (FindLiveObjects: 0.206000 ms CreateObjectMapping: 0.104800 ms MarkObjects: 3.241800 ms  DeleteObjects: 0.019500 ms)

AssetImportParameters requested are different than current active one (requested -> active):
  custom:framework-win-MediaFoundation: 216162199b28c13a410421893ffa2e32 -> 
  custom:video-decoder-ogg-theora: a1e56fd34408186e4bbccfd4996cb3dc -> 
  custom:container-muxer-webm: aa71ff27fc2769a1b78a27578f13a17b -> 
  custom:container-demuxer-webm: 4f35f7cbe854078d1ac9338744f61a02 -> 
  custom:container-demuxer-ogg: 62fdf1f143b41e24485cea50d1cbac27 -> 
  custom:video-encoder-webm-vp8: eb34c28f22e8b96e1ab97ce403110664 -> 
  custom:video-decoder-webm-vp8: 9c59270c3fd7afecdb556c50c9e8de78 -> 
  custom:audio-decoder-ogg-vorbis: bf7c407c2cedff20999df2af8eb42d56 -> 
  custom:audio-encoder-webm-vorbis: bf7c407c2cedff20999df2af8eb42d56 -> 
========================================================================
Received Prepare
Registering precompiled user dll's ...
Registered in 0.004446 seconds.
Begin MonoManager ReloadAssembly
Symbol file data-0000027119838010 doesn't match image C:\Users\Enzod\Desktop\Cosmic\Cosmic-SHEEP\Cosmic SHEEP\Cosmic SHEEP\Library\ScriptAssemblies\Cinemachine.dll
Symbol file LoadedFromMemory is not a mono symbol file
Symbol file data-000002711586DEA0 doesn't match image C:\Users\Enzod\Desktop\Cosmic\Cosmic-SHEEP\Cosmic SHEEP\Cosmic SHEEP\Library\ScriptAssemblies\Unity.VSCode.Editor.dll
Symbol file LoadedFromMemory is not a mono symbol file
Symbol file data-000002711BC77020 doesn't match image C:\Users\Enzod\Desktop\Cosmic\Cosmic-SHEEP\Cosmic SHEEP\Cosmic SHEEP\Library\ScriptAssemblies\com.unity.cinemachine.editor.dll
Symbol file LoadedFromMemory is not a mono symbol file
Symbol file data-000002711BC77020 doesn't match image C:\Users\Enzod\Desktop\Cosmic\Cosmic-SHEEP\Cosmic SHEEP\Cosmic SHEEP\Library\ScriptAssemblies\Unity.TextMeshPro.Editor.dll
Symbol file LoadedFromMemory is not a mono symbol file
Symbol file data-00000270F1690020 doesn't match image C:\Users\Enzod\Desktop\Cosmic\Cosmic-SHEEP\Cosmic SHEEP\Cosmic SHEEP\Library\ScriptAssemblies\Unity.VisualStudio.Editor.dll
Symbol file LoadedFromMemory is not a mono symbol file
Symbol file data-000002713CA2C030 doesn't match image C:\Users\Enzod\Desktop\Cosmic\Cosmic-SHEEP\Cosmic SHEEP\Cosmic SHEEP\Library\ScriptAssemblies\UnityEngine.TestRunner.dll
Symbol file LoadedFromMemory is not a mono symbol file
Symbol file data-00000271619D6010 doesn't match image C:\Users\Enzod\Desktop\Cosmic\Cosmic-SHEEP\Cosmic SHEEP\Cosmic SHEEP\Library\ScriptAssemblies\Unity.Timeline.Editor.dll
Symbol file LoadedFromMemory is not a mono symbol file
Symbol file data-000002711BC77020 doesn't match image C:\Users\Enzod\Desktop\Cosmic\Cosmic-SHEEP\Cosmic SHEEP\Cosmic SHEEP\Library\ScriptAssemblies\Unity.Timeline.dll
Symbol file LoadedFromMemory is not a mono symbol file
Symbol file data-000002711590C020 doesn't match image C:\Users\Enzod\Desktop\Cosmic\Cosmic-SHEEP\Cosmic SHEEP\Cosmic SHEEP\Library\ScriptAssemblies\Unity.TextMeshPro.dll
Symbol file LoadedFromMemory is not a mono symbol file
Symbol file data-000002713CA2C030 doesn't match image C:\Users\Enzod\Desktop\Cosmic\Cosmic-SHEEP\Cosmic SHEEP\Cosmic SHEEP\Library\ScriptAssemblies\Unity.CollabProxy.Editor.dll
Symbol file LoadedFromMemory is not a mono symbol file
Symbol file data-00000271698E2BE0 doesn't match image C:\Users\Enzod\Desktop\Cosmic\Cosmic-SHEEP\Cosmic SHEEP\Cosmic SHEEP\Library\ScriptAssemblies\UnityEditor.TestRunner.dll
Symbol file LoadedFromMemory is not a mono symbol file
Symbol file data-00000270F1690020 doesn't match image C:\Users\Enzod\Desktop\Cosmic\Cosmic-SHEEP\Cosmic SHEEP\Cosmic SHEEP\Library\ScriptAssemblies\UnityEditor.UI.dll
Symbol file LoadedFromMemory is not a mono symbol file
Symbol file data-000002716A9A6060 doesn't match image C:\Users\Enzod\Desktop\Cosmic\Cosmic-SHEEP\Cosmic SHEEP\Cosmic SHEEP\Library\ScriptAssemblies\Unity.PlasticSCM.Editor.dll
Symbol file LoadedFromMemory is not a mono symbol file
Symbol file data-0000027116A3A010 doesn't match image C:\Users\Enzod\Desktop\Cosmic\Cosmic-SHEEP\Cosmic SHEEP\Cosmic SHEEP\Library\ScriptAssemblies\Unity.Rider.Editor.dll
Symbol file LoadedFromMemory is not a mono symbol file
Symbol file data-00000271665DD020 doesn't match image C:\Users\Enzod\Desktop\Cosmic\Cosmic-SHEEP\Cosmic SHEEP\Cosmic SHEEP\Library\ScriptAssemblies\UnityEngine.UI.dll
Symbol file LoadedFromMemory is not a mono symbol file
Native extension for WindowsStandalone target not found
Native extension for WebGL target not found
Refreshing native plugins compatible for Editor in 0.59 ms, found 2 plugins.
Preloading 0 native plugins for Editor in 0.00 ms.
Mono: successfully reloaded assembly
- Completed reload, in  1.130 seconds
Domain Reload Profiling:
	ReloadAssembly (1130ms)
		BeginReloadAssembly (135ms)
			ExecutionOrderSort (0ms)
			DisableScriptedObjects (5ms)
			BackupInstance (0ms)
			ReleaseScriptingObjects (0ms)
			CreateAndSetChildDomain (29ms)
		EndReloadAssembly (926ms)
			LoadAssemblies (115ms)
			RebuildTransferFunctionScriptingTraits (0ms)
			SetupTypeCache (306ms)
			ReleaseScriptCaches (1ms)
			RebuildScriptCaches (46ms)
			SetupLoadedEditorAssemblies (367ms)
				LogAssemblyErrors (0ms)
				InitializePlatformSupportModulesInManaged (8ms)
				SetLoadedEditorAssemblies (1ms)
				RefreshPlugins (1ms)
				BeforeProcessingInitializeOnLoad (82ms)
				ProcessInitializeOnLoadAttributes (267ms)
				ProcessInitializeOnLoadMethodAttributes (4ms)
				AfterProcessingInitializeOnLoad (4ms)
				EditorAssembliesLoaded (0ms)
			ExecutionOrderSort2 (0ms)
			AwakeInstancesAfterBackupRestoration (9ms)
Platform modules already initialized, skipping
Refreshing native plugins compatible for Editor in 0.40 ms, found 2 plugins.
Preloading 0 native plugins for Editor in 0.00 ms.
Unloading 1559 Unused Serialized files (Serialized files now loaded: 0)
System memory in use before: 159.0 MB.
System memory in use after: 159.1 MB.

Unloading 12 unused Assets to reduce memory usage. Loaded Objects now: 2053.
Total: 2.933000 ms (FindLiveObjects: 0.169500 ms CreateObjectMapping: 0.037100 ms MarkObjects: 2.709100 ms  DeleteObjects: 0.016000 ms)

AssetImportParameters requested are different than current active one (requested -> active):
  custom:framework-win-MediaFoundation: 216162199b28c13a410421893ffa2e32 -> 
  custom:video-decoder-ogg-theora: a1e56fd34408186e4bbccfd4996cb3dc -> 
  custom:container-muxer-webm: aa71ff27fc2769a1b78a27578f13a17b -> 
  custom:container-demuxer-webm: 4f35f7cbe854078d1ac9338744f61a02 -> 
  custom:container-demuxer-ogg: 62fdf1f143b41e24485cea50d1cbac27 -> 
  custom:video-encoder-webm-vp8: eb34c28f22e8b96e1ab97ce403110664 -> 
  custom:video-decoder-webm-vp8: 9c59270c3fd7afecdb556c50c9e8de78 -> 
  custom:audio-decoder-ogg-vorbis: bf7c407c2cedff20999df2af8eb42d56 -> 
  custom:audio-encoder-webm-vorbis: bf7c407c2cedff20999df2af8eb42d56 -> 
========================================================================
Received Prepare
Registering precompiled user dll's ...
Registered in 0.004058 seconds.
Begin MonoManager ReloadAssembly
Symbol file data-0000027119838010 doesn't match image C:\Users\Enzod\Desktop\Cosmic\Cosmic-SHEEP\Cosmic SHEEP\Cosmic SHEEP\Library\ScriptAssemblies\Cinemachine.dll
Symbol file LoadedFromMemory is not a mono symbol file
Symbol file data-00000271665E6E50 doesn't match image C:\Users\Enzod\Desktop\Cosmic\Cosmic-SHEEP\Cosmic SHEEP\Cosmic SHEEP\Library\ScriptAssemblies\Unity.VSCode.Editor.dll
Symbol file LoadedFromMemory is not a mono symbol file
Symbol file data-000002711BC77020 doesn't match image C:\Users\Enzod\Desktop\Cosmic\Cosmic-SHEEP\Cosmic SHEEP\Cosmic SHEEP\Library\ScriptAssemblies\com.unity.cinemachine.editor.dll
Symbol file LoadedFromMemory is not a mono symbol file
Symbol file data-000002711BC77020 doesn't match image C:\Users\Enzod\Desktop\Cosmic\Cosmic-SHEEP\Cosmic SHEEP\Cosmic SHEEP\Library\ScriptAssemblies\Unity.TextMeshPro.Editor.dll
Symbol file LoadedFromMemory is not a mono symbol file
Symbol file data-00000270F1690020 doesn't match image C:\Users\Enzod\Desktop\Cosmic\Cosmic-SHEEP\Cosmic SHEEP\Cosmic SHEEP\Library\ScriptAssemblies\Unity.VisualStudio.Editor.dll
Symbol file LoadedFromMemory is not a mono symbol file
Symbol file data-000002713CA2C030 doesn't match image C:\Users\Enzod\Desktop\Cosmic\Cosmic-SHEEP\Cosmic SHEEP\Cosmic SHEEP\Library\ScriptAssemblies\UnityEngine.TestRunner.dll
Symbol file LoadedFromMemory is not a mono symbol file
Symbol file data-00000271619D6010 doesn't match image C:\Users\Enzod\Desktop\Cosmic\Cosmic-SHEEP\Cosmic SHEEP\Cosmic SHEEP\Library\ScriptAssemblies\Unity.Timeline.Editor.dll
Symbol file LoadedFromMemory is not a mono symbol file
Symbol file data-000002711BC77020 doesn't match image C:\Users\Enzod\Desktop\Cosmic\Cosmic-SHEEP\Cosmic SHEEP\Cosmic SHEEP\Library\ScriptAssemblies\Unity.Timeline.dll
Symbol file LoadedFromMemory is not a mono symbol file
Symbol file data-000002711590C020 doesn't match image C:\Users\Enzod\Desktop\Cosmic\Cosmic-SHEEP\Cosmic SHEEP\Cosmic SHEEP\Library\ScriptAssemblies\Unity.TextMeshPro.dll
Symbol file LoadedFromMemory is not a mono symbol file
Symbol file data-000002713CA2C030 doesn't match image C:\Users\Enzod\Desktop\Cosmic\Cosmic-SHEEP\Cosmic SHEEP\Cosmic SHEEP\Library\ScriptAssemblies\Unity.CollabProxy.Editor.dll
Symbol file LoadedFromMemory is not a mono symbol file
Symbol file data-00000270F16EF030 doesn't match image C:\Users\Enzod\Desktop\Cosmic\Cosmic-SHEEP\Cosmic SHEEP\Cosmic SHEEP\Library\ScriptAssemblies\UnityEditor.TestRunner.dll
Symbol file LoadedFromMemory is not a mono symbol file
Symbol file data-00000270F1690020 doesn't match image C:\Users\Enzod\Desktop\Cosmic\Cosmic-SHEEP\Cosmic SHEEP\Cosmic SHEEP\Library\ScriptAssemblies\UnityEditor.UI.dll
Symbol file LoadedFromMemory is not a mono symbol file
Symbol file data-0000027116262010 doesn't match image C:\Users\Enzod\Desktop\Cosmic\Cosmic-SHEEP\Cosmic SHEEP\Cosmic SHEEP\Library\ScriptAssemblies\Unity.PlasticSCM.Editor.dll
Symbol file LoadedFromMemory is not a mono symbol file
Symbol file data-0000027116A3A010 doesn't match image C:\Users\Enzod\Desktop\Cosmic\Cosmic-SHEEP\Cosmic SHEEP\Cosmic SHEEP\Library\ScriptAssemblies\Unity.Rider.Editor.dll
Symbol file LoadedFromMemory is not a mono symbol file
Symbol file data-00000271690E2060 doesn't match image C:\Users\Enzod\Desktop\Cosmic\Cosmic-SHEEP\Cosmic SHEEP\Cosmic SHEEP\Library\ScriptAssemblies\UnityEngine.UI.dll
Symbol file LoadedFromMemory is not a mono symbol file
Native extension for WindowsStandalone target not found
Native extension for WebGL target not found
Refreshing native plugins compatible for Editor in 0.51 ms, found 2 plugins.
Preloading 0 native plugins for Editor in 0.00 ms.
Mono: successfully reloaded assembly
- Completed reload, in  1.126 seconds
Domain Reload Profiling:
	ReloadAssembly (1127ms)
		BeginReloadAssembly (142ms)
			ExecutionOrderSort (0ms)
			DisableScriptedObjects (5ms)
			BackupInstance (0ms)
			ReleaseScriptingObjects (0ms)
			CreateAndSetChildDomain (29ms)
		EndReloadAssembly (912ms)
			LoadAssemblies (119ms)
			RebuildTransferFunctionScriptingTraits (0ms)
			SetupTypeCache (296ms)
			ReleaseScriptCaches (1ms)
			RebuildScriptCaches (56ms)
			SetupLoadedEditorAssemblies (339ms)
				LogAssemblyErrors (0ms)
				InitializePlatformSupportModulesInManaged (7ms)
				SetLoadedEditorAssemblies (1ms)
				RefreshPlugins (1ms)
				BeforeProcessingInitializeOnLoad (89ms)
				ProcessInitializeOnLoadAttributes (234ms)
				ProcessInitializeOnLoadMethodAttributes (4ms)
				AfterProcessingInitializeOnLoad (3ms)
				EditorAssembliesLoaded (0ms)
			ExecutionOrderSort2 (0ms)
			AwakeInstancesAfterBackupRestoration (8ms)
Platform modules already initialized, skipping
Refreshing native plugins compatible for Editor in 0.39 ms, found 2 plugins.
Preloading 0 native plugins for Editor in 0.00 ms.
Unloading 1559 Unused Serialized files (Serialized files now loaded: 0)
System memory in use before: 159.0 MB.
System memory in use after: 159.1 MB.

Unloading 12 unused Assets to reduce memory usage. Loaded Objects now: 2055.
Total: 3.115200 ms (FindLiveObjects: 0.166900 ms CreateObjectMapping: 0.037500 ms MarkObjects: 2.890300 ms  DeleteObjects: 0.019000 ms)

AssetImportParameters requested are different than current active one (requested -> active):
  custom:framework-win-MediaFoundation: 216162199b28c13a410421893ffa2e32 -> 
  custom:video-decoder-ogg-theora: a1e56fd34408186e4bbccfd4996cb3dc -> 
  custom:container-muxer-webm: aa71ff27fc2769a1b78a27578f13a17b -> 
  custom:container-demuxer-webm: 4f35f7cbe854078d1ac9338744f61a02 -> 
  custom:container-demuxer-ogg: 62fdf1f143b41e24485cea50d1cbac27 -> 
  custom:video-encoder-webm-vp8: eb34c28f22e8b96e1ab97ce403110664 -> 
  custom:video-decoder-webm-vp8: 9c59270c3fd7afecdb556c50c9e8de78 -> 
  custom:audio-decoder-ogg-vorbis: bf7c407c2cedff20999df2af8eb42d56 -> 
  custom:audio-encoder-webm-vorbis: bf7c407c2cedff20999df2af8eb42d56 -> 
========================================================================
Received Prepare
Registering precompiled user dll's ...
Registered in 0.006186 seconds.
Begin MonoManager ReloadAssembly
Symbol file data-0000027119838010 doesn't match image C:\Users\Enzod\Desktop\Cosmic\Cosmic-SHEEP\Cosmic SHEEP\Cosmic SHEEP\Library\ScriptAssemblies\Cinemachine.dll
Symbol file LoadedFromMemory is not a mono symbol file
Symbol file data-000002713CA35E60 doesn't match image C:\Users\Enzod\Desktop\Cosmic\Cosmic-SHEEP\Cosmic SHEEP\Cosmic SHEEP\Library\ScriptAssemblies\Unity.VSCode.Editor.dll
Symbol file LoadedFromMemory is not a mono symbol file
Symbol file data-000002711BC77020 doesn't match image C:\Users\Enzod\Desktop\Cosmic\Cosmic-SHEEP\Cosmic SHEEP\Cosmic SHEEP\Library\ScriptAssemblies\com.unity.cinemachine.editor.dll
Symbol file LoadedFromMemory is not a mono symbol file
Symbol file data-000002711BC77020 doesn't match image C:\Users\Enzod\Desktop\Cosmic\Cosmic-SHEEP\Cosmic SHEEP\Cosmic SHEEP\Library\ScriptAssemblies\Unity.TextMeshPro.Editor.dll
Symbol file LoadedFromMemory is not a mono symbol file
Symbol file data-00000270F1690020 doesn't match image C:\Users\Enzod\Desktop\Cosmic\Cosmic-SHEEP\Cosmic SHEEP\Cosmic SHEEP\Library\ScriptAssemblies\Unity.VisualStudio.Editor.dll
Symbol file LoadedFromMemory is not a mono symbol file
Symbol file data-00000271698E2BE0 doesn't match image C:\Users\Enzod\Desktop\Cosmic\Cosmic-SHEEP\Cosmic SHEEP\Cosmic SHEEP\Library\ScriptAssemblies\UnityEngine.TestRunner.dll
Symbol file LoadedFromMemory is not a mono symbol file
Symbol file data-00000271619D6010 doesn't match image C:\Users\Enzod\Desktop\Cosmic\Cosmic-SHEEP\Cosmic SHEEP\Cosmic SHEEP\Library\ScriptAssemblies\Unity.Timeline.Editor.dll
Symbol file LoadedFromMemory is not a mono symbol file
Symbol file data-000002711BC77020 doesn't match image C:\Users\Enzod\Desktop\Cosmic\Cosmic-SHEEP\Cosmic SHEEP\Cosmic SHEEP\Library\ScriptAssemblies\Unity.Timeline.dll
Symbol file LoadedFromMemory is not a mono symbol file
Symbol file data-000002711590C020 doesn't match image C:\Users\Enzod\Desktop\Cosmic\Cosmic-SHEEP\Cosmic SHEEP\Cosmic SHEEP\Library\ScriptAssemblies\Unity.TextMeshPro.dll
Symbol file LoadedFromMemory is not a mono symbol file
Symbol file data-00000271698E2BE0 doesn't match image C:\Users\Enzod\Desktop\Cosmic\Cosmic-SHEEP\Cosmic SHEEP\Cosmic SHEEP\Library\ScriptAssemblies\Unity.CollabProxy.Editor.dll
Symbol file LoadedFromMemory is not a mono symbol file
Symbol file data-00000270F16EF030 doesn't match image C:\Users\Enzod\Desktop\Cosmic\Cosmic-SHEEP\Cosmic SHEEP\Cosmic SHEEP\Library\ScriptAssemblies\UnityEditor.TestRunner.dll
Symbol file LoadedFromMemory is not a mono symbol file
Symbol file data-00000270F1690020 doesn't match image C:\Users\Enzod\Desktop\Cosmic\Cosmic-SHEEP\Cosmic SHEEP\Cosmic SHEEP\Library\ScriptAssemblies\UnityEditor.UI.dll
Symbol file LoadedFromMemory is not a mono symbol file
Symbol file data-0000027116262010 doesn't match image C:\Users\Enzod\Desktop\Cosmic\Cosmic-SHEEP\Cosmic SHEEP\Cosmic SHEEP\Library\ScriptAssemblies\Unity.PlasticSCM.Editor.dll
Symbol file LoadedFromMemory is not a mono symbol file
Symbol file data-000002713CA60020 doesn't match image C:\Users\Enzod\Desktop\Cosmic\Cosmic-SHEEP\Cosmic SHEEP\Cosmic SHEEP\Library\ScriptAssemblies\Unity.Rider.Editor.dll
Symbol file LoadedFromMemory is not a mono symbol file
Symbol file data-0000027168E0CC00 doesn't match image C:\Users\Enzod\Desktop\Cosmic\Cosmic-SHEEP\Cosmic SHEEP\Cosmic SHEEP\Library\ScriptAssemblies\UnityEngine.UI.dll
Symbol file LoadedFromMemory is not a mono symbol file
Native extension for WindowsStandalone target not found
Native extension for WebGL target not found
Refreshing native plugins compatible for Editor in 0.39 ms, found 2 plugins.
Preloading 0 native plugins for Editor in 0.00 ms.
Mono: successfully reloaded assembly
- Completed reload, in  1.110 seconds
Domain Reload Profiling:
	ReloadAssembly (1110ms)
		BeginReloadAssembly (153ms)
			ExecutionOrderSort (0ms)
			DisableScriptedObjects (5ms)
			BackupInstance (0ms)
			ReleaseScriptingObjects (0ms)
			CreateAndSetChildDomain (30ms)
		EndReloadAssembly (888ms)
			LoadAssemblies (126ms)
			RebuildTransferFunctionScriptingTraits (0ms)
			SetupTypeCache (315ms)
			ReleaseScriptCaches (1ms)
			RebuildScriptCaches (45ms)
			SetupLoadedEditorAssemblies (324ms)
				LogAssemblyErrors (0ms)
				InitializePlatformSupportModulesInManaged (6ms)
				SetLoadedEditorAssemblies (1ms)
				RefreshPlugins (0ms)
				BeforeProcessingInitializeOnLoad (85ms)
				ProcessInitializeOnLoadAttributes (224ms)
				ProcessInitializeOnLoadMethodAttributes (4ms)
				AfterProcessingInitializeOnLoad (3ms)
				EditorAssembliesLoaded (0ms)
			ExecutionOrderSort2 (0ms)
			AwakeInstancesAfterBackupRestoration (8ms)
Platform modules already initialized, skipping
Refreshing native plugins compatible for Editor in 0.44 ms, found 2 plugins.
Preloading 0 native plugins for Editor in 0.00 ms.
Unloading 1559 Unused Serialized files (Serialized files now loaded: 0)
System memory in use before: 159.0 MB.
System memory in use after: 159.1 MB.

Unloading 12 unused Assets to reduce memory usage. Loaded Objects now: 2057.
Total: 3.042400 ms (FindLiveObjects: 0.168500 ms CreateObjectMapping: 0.036200 ms MarkObjects: 2.818300 ms  DeleteObjects: 0.017700 ms)

AssetImportParameters requested are different than current active one (requested -> active):
  custom:framework-win-MediaFoundation: 216162199b28c13a410421893ffa2e32 -> 
  custom:video-decoder-ogg-theora: a1e56fd34408186e4bbccfd4996cb3dc -> 
  custom:container-muxer-webm: aa71ff27fc2769a1b78a27578f13a17b -> 
  custom:container-demuxer-webm: 4f35f7cbe854078d1ac9338744f61a02 -> 
  custom:container-demuxer-ogg: 62fdf1f143b41e24485cea50d1cbac27 -> 
  custom:video-encoder-webm-vp8: eb34c28f22e8b96e1ab97ce403110664 -> 
  custom:video-decoder-webm-vp8: 9c59270c3fd7afecdb556c50c9e8de78 -> 
  custom:audio-decoder-ogg-vorbis: bf7c407c2cedff20999df2af8eb42d56 -> 
  custom:audio-encoder-webm-vorbis: bf7c407c2cedff20999df2af8eb42d56 -> 
========================================================================
Received Prepare
Registering precompiled user dll's ...
Registered in 0.004197 seconds.
Begin MonoManager ReloadAssembly
Symbol file data-0000027119838010 doesn't match image C:\Users\Enzod\Desktop\Cosmic\Cosmic-SHEEP\Cosmic SHEEP\Cosmic SHEEP\Library\ScriptAssemblies\Cinemachine.dll
Symbol file LoadedFromMemory is not a mono symbol file
Symbol file data-000002716D838F80 doesn't match image C:\Users\Enzod\Desktop\Cosmic\Cosmic-SHEEP\Cosmic SHEEP\Cosmic SHEEP\Library\ScriptAssemblies\Unity.VSCode.Editor.dll
Symbol file LoadedFromMemory is not a mono symbol file
Symbol file data-000002711BC77020 doesn't match image C:\Users\Enzod\Desktop\Cosmic\Cosmic-SHEEP\Cosmic SHEEP\Cosmic SHEEP\Library\ScriptAssemblies\com.unity.cinemachine.editor.dll
Symbol file LoadedFromMemory is not a mono symbol file
Symbol file data-000002711BC77020 doesn't match image C:\Users\Enzod\Desktop\Cosmic\Cosmic-SHEEP\Cosmic SHEEP\Cosmic SHEEP\Library\ScriptAssemblies\Unity.TextMeshPro.Editor.dll
Symbol file LoadedFromMemory is not a mono symbol file
Symbol file data-000002713CA2C030 doesn't match image C:\Users\Enzod\Desktop\Cosmic\Cosmic-SHEEP\Cosmic SHEEP\Cosmic SHEEP\Library\ScriptAssemblies\Unity.VisualStudio.Editor.dll
Symbol file LoadedFromMemory is not a mono symbol file
Symbol file data-0000027115F68020 doesn't match image C:\Users\Enzod\Desktop\Cosmic\Cosmic-SHEEP\Cosmic SHEEP\Cosmic SHEEP\Library\ScriptAssemblies\UnityEngine.TestRunner.dll
Symbol file LoadedFromMemory is not a mono symbol file
Symbol file data-00000271619D6010 doesn't match image C:\Users\Enzod\Desktop\Cosmic\Cosmic-SHEEP\Cosmic SHEEP\Cosmic SHEEP\Library\ScriptAssemblies\Unity.Timeline.Editor.dll
Symbol file LoadedFromMemory is not a mono symbol file
Symbol file data-000002711BC77020 doesn't match image C:\Users\Enzod\Desktop\Cosmic\Cosmic-SHEEP\Cosmic SHEEP\Cosmic SHEEP\Library\ScriptAssemblies\Unity.Timeline.dll
Symbol file LoadedFromMemory is not a mono symbol file
Symbol file data-000002711590C020 doesn't match image C:\Users\Enzod\Desktop\Cosmic\Cosmic-SHEEP\Cosmic SHEEP\Cosmic SHEEP\Library\ScriptAssemblies\Unity.TextMeshPro.dll
Symbol file LoadedFromMemory is not a mono symbol file
Symbol file data-0000027115F68020 doesn't match image C:\Users\Enzod\Desktop\Cosmic\Cosmic-SHEEP\Cosmic SHEEP\Cosmic SHEEP\Library\ScriptAssemblies\Unity.CollabProxy.Editor.dll
Symbol file LoadedFromMemory is not a mono symbol file
Symbol file data-00000270F16EF030 doesn't match image C:\Users\Enzod\Desktop\Cosmic\Cosmic-SHEEP\Cosmic SHEEP\Cosmic SHEEP\Library\ScriptAssemblies\UnityEditor.TestRunner.dll
Symbol file LoadedFromMemory is not a mono symbol file
Symbol file data-000002713CA2C030 doesn't match image C:\Users\Enzod\Desktop\Cosmic\Cosmic-SHEEP\Cosmic SHEEP\Cosmic SHEEP\Library\ScriptAssemblies\UnityEditor.UI.dll
Symbol file LoadedFromMemory is not a mono symbol file
Symbol file data-0000027116262010 doesn't match image C:\Users\Enzod\Desktop\Cosmic\Cosmic-SHEEP\Cosmic SHEEP\Cosmic SHEEP\Library\ScriptAssemblies\Unity.PlasticSCM.Editor.dll
Symbol file LoadedFromMemory is not a mono symbol file
Symbol file data-000002713CA2C030 doesn't match image C:\Users\Enzod\Desktop\Cosmic\Cosmic-SHEEP\Cosmic SHEEP\Cosmic SHEEP\Library\ScriptAssemblies\Unity.Rider.Editor.dll
Symbol file LoadedFromMemory is not a mono symbol file
Symbol file data-000002716DB72020 doesn't match image C:\Users\Enzod\Desktop\Cosmic\Cosmic-SHEEP\Cosmic SHEEP\Cosmic SHEEP\Library\ScriptAssemblies\UnityEngine.UI.dll
Symbol file LoadedFromMemory is not a mono symbol file
Native extension for WindowsStandalone target not found
Native extension for WebGL target not found
Refreshing native plugins compatible for Editor in 0.73 ms, found 2 plugins.
Preloading 0 native plugins for Editor in 0.00 ms.
Mono: successfully reloaded assembly
- Completed reload, in  1.102 seconds
Domain Reload Profiling:
	ReloadAssembly (1102ms)
		BeginReloadAssembly (133ms)
			ExecutionOrderSort (0ms)
			DisableScriptedObjects (5ms)
			BackupInstance (0ms)
			ReleaseScriptingObjects (0ms)
			CreateAndSetChildDomain (31ms)
		EndReloadAssembly (900ms)
			LoadAssemblies (119ms)
			RebuildTransferFunctionScriptingTraits (0ms)
			SetupTypeCache (292ms)
			ReleaseScriptCaches (1ms)
			RebuildScriptCaches (46ms)
			SetupLoadedEditorAssemblies (352ms)
				LogAssemblyErrors (0ms)
				InitializePlatformSupportModulesInManaged (10ms)
				SetLoadedEditorAssemblies (1ms)
				RefreshPlugins (1ms)
				BeforeProcessingInitializeOnLoad (97ms)
				ProcessInitializeOnLoadAttributes (236ms)
				ProcessInitializeOnLoadMethodAttributes (4ms)
				AfterProcessingInitializeOnLoad (3ms)
				EditorAssembliesLoaded (0ms)
			ExecutionOrderSort2 (0ms)
			AwakeInstancesAfterBackupRestoration (8ms)
Platform modules already initialized, skipping
Refreshing native plugins compatible for Editor in 0.38 ms, found 2 plugins.
Preloading 0 native plugins for Editor in 0.00 ms.
Unloading 1559 Unused Serialized files (Serialized files now loaded: 0)
System memory in use before: 159.0 MB.
System memory in use after: 159.1 MB.

Unloading 12 unused Assets to reduce memory usage. Loaded Objects now: 2059.
Total: 2.881400 ms (FindLiveObjects: 0.152000 ms CreateObjectMapping: 0.038300 ms MarkObjects: 2.677000 ms  DeleteObjects: 0.013200 ms)

AssetImportParameters requested are different than current active one (requested -> active):
  custom:framework-win-MediaFoundation: 216162199b28c13a410421893ffa2e32 -> 
  custom:video-decoder-ogg-theora: a1e56fd34408186e4bbccfd4996cb3dc -> 
  custom:container-muxer-webm: aa71ff27fc2769a1b78a27578f13a17b -> 
  custom:container-demuxer-webm: 4f35f7cbe854078d1ac9338744f61a02 -> 
  custom:container-demuxer-ogg: 62fdf1f143b41e24485cea50d1cbac27 -> 
  custom:video-encoder-webm-vp8: eb34c28f22e8b96e1ab97ce403110664 -> 
  custom:video-decoder-webm-vp8: 9c59270c3fd7afecdb556c50c9e8de78 -> 
  custom:audio-decoder-ogg-vorbis: bf7c407c2cedff20999df2af8eb42d56 -> 
  custom:audio-encoder-webm-vorbis: bf7c407c2cedff20999df2af8eb42d56 -> 
